TN:
SF:src/middleware.ts
FN:6,(anonymous_3)
FN:12,middleware
FNF:2
FNH:0
FNDA:0,(anonymous_3)
FNDA:0,middleware
DA:1,0
DA:3,0
DA:5,0
DA:7,0
DA:12,0
DA:13,0
DA:16,0
LF:7
LH:0
BRDA:9,0,0,0
BRDA:9,0,1,0
BRF:2
BRH:0
end_of_record
TN:
SF:src/app/layout.tsx
FN:25,RootLayout
FNF:1
FNH:0
FNDA:0,RootLayout
DA:2,0
DA:3,0
DA:4,0
DA:5,0
DA:6,0
DA:7,0
DA:8,0
DA:9,0
DA:11,0
DA:13,0
DA:25,0
LF:11
LH:0
BRF:0
BRH:0
end_of_record
TN:
SF:src/app/page.tsx
FN:20,HomePage
FN:28,(anonymous_3)
FN:40,(anonymous_4)
FNF:3
FNH:0
FNDA:0,HomePage
FNDA:0,(anonymous_3)
FNDA:0,(anonymous_4)
DA:4,0
DA:5,0
DA:6,0
DA:7,0
DA:8,0
DA:9,0
DA:10,0
DA:11,0
DA:12,0
DA:13,0
DA:14,0
DA:15,0
DA:16,0
DA:17,0
DA:18,0
DA:20,0
DA:21,0
DA:26,0
DA:28,0
DA:31,0
DA:41,0
LF:21
LH:0
BRDA:31,0,0,0
BRDA:31,1,0,0
BRDA:31,1,1,0
BRDA:97,2,0,0
BRDA:97,2,1,0
BRDA:133,3,0,0
BRDA:133,3,1,0
BRDA:151,4,0,0
BRDA:151,4,1,0
BRF:9
BRH:0
end_of_record
TN:
SF:src/app/admin/page.tsx
FN:61,fetchAdminStats
FN:72,updateUserRole
FN:82,deleteUser
FN:90,fetchSystemLogs
FN:98,AdminPage
FN:120,(anonymous_7)
FN:121,(anonymous_8)
FN:127,(anonymous_9)
FN:134,(anonymous_10)
FN:140,(anonymous_11)
FN:211,(anonymous_12)
FN:241,(anonymous_13)
FN:247,(anonymous_14)
FN:252,(anonymous_15)
FN:269,(anonymous_16)
FN:352,(anonymous_17)
FN:357,(anonymous_18)
FN:377,(anonymous_19)
FN:384,(anonymous_20)
FN:409,(anonymous_21)
FN:477,(anonymous_22)
FN:482,(anonymous_23)
FN:562,(anonymous_24)
FN:589,(anonymous_25)
FNF:24
FNH:0
FNDA:0,fetchAdminStats
FNDA:0,updateUserRole
FNDA:0,deleteUser
FNDA:0,fetchSystemLogs
FNDA:0,AdminPage
FNDA:0,(anonymous_7)
FNDA:0,(anonymous_8)
FNDA:0,(anonymous_9)
FNDA:0,(anonymous_10)
FNDA:0,(anonymous_11)
FNDA:0,(anonymous_12)
FNDA:0,(anonymous_13)
FNDA:0,(anonymous_14)
FNDA:0,(anonymous_15)
FNDA:0,(anonymous_16)
FNDA:0,(anonymous_17)
FNDA:0,(anonymous_18)
FNDA:0,(anonymous_19)
FNDA:0,(anonymous_20)
FNDA:0,(anonymous_21)
FNDA:0,(anonymous_22)
FNDA:0,(anonymous_23)
FNDA:0,(anonymous_24)
FNDA:0,(anonymous_25)
DA:3,0
DA:4,0
DA:5,0
DA:6,0
DA:7,0
DA:8,0
DA:9,0
DA:10,0
DA:12,0
DA:13,0
DA:14,0
DA:15,0
DA:19,0
DA:24,0
DA:25,0
DA:26,0
DA:27,0
DA:28,0
DA:62,0
DA:63,0
DA:64,0
DA:65,0
DA:67,0
DA:69,0
DA:73,0
DA:78,0
DA:79,0
DA:83,0
DA:86,0
DA:87,0
DA:91,0
DA:92,0
DA:93,0
DA:96,0
DA:98,0
DA:99,0
DA:100,0
DA:101,0
DA:102,0
DA:103,0
DA:104,0
DA:106,0
DA:113,0
DA:119,0
DA:120,0
DA:122,0
DA:123,0
DA:124,0
DA:125,0
DA:128,0
DA:132,0
DA:135,0
DA:136,0
DA:137,0
DA:138,0
DA:141,0
DA:145,0
DA:156,0
DA:177,0
DA:200,0
DA:212,0
DA:228,0
DA:241,0
DA:242,0
DA:243,0
DA:247,0
DA:248,0
DA:249,0
DA:252,0
DA:253,0
DA:254,0
DA:269,0
DA:353,0
DA:357,0
DA:377,0
DA:384,0
DA:410,0
DA:477,0
DA:483,0
DA:563,0
DA:589,0
LF:81
LH:0
BRDA:63,0,0,0
BRDA:64,1,0,0
BRDA:78,2,0,0
BRDA:86,3,0,0
BRDA:92,4,0,0
BRDA:145,5,0,0
BRDA:156,6,0,0
BRDA:177,7,0,0
BRDA:200,8,0,0
BRDA:228,9,0,0
BRDA:234,10,0,0
BRDA:234,10,1,0
BRDA:242,11,0,0
BRDA:242,12,0,0
BRDA:242,12,1,0
BRDA:253,13,0,0
BRDA:286,14,0,0
BRDA:286,14,1,0
BRDA:288,15,0,0
BRDA:288,15,1,0
BRDA:299,16,0,0
BRDA:299,16,1,0
BRDA:314,17,0,0
BRDA:314,17,1,0
BRDA:325,18,0,0
BRDA:325,18,1,0
BRDA:364,19,0,0
BRDA:364,19,1,0
BRDA:431,20,0,0
BRDA:431,20,1,0
BRDA:431,20,2,0
BRDA:434,21,0,0
BRDA:434,21,1,0
BRDA:452,22,0,0
BRDA:452,22,1,0
BRDA:473,23,0,0
BRDA:473,23,1,0
BRDA:504,24,0,0
BRDA:504,24,1,0
BRDA:509,25,0,0
BRDA:509,25,1,0
BRDA:522,26,0,0
BRDA:522,26,1,0
BRDA:527,27,0,0
BRDA:527,27,1,0
BRDA:540,28,0,0
BRDA:540,28,1,0
BRDA:545,29,0,0
BRDA:545,29,1,0
BRDA:562,30,0,0
BRDA:565,31,0,0
BRDA:565,31,1,0
BRDA:565,32,0,0
BRDA:565,32,1,0
BRDA:597,33,0,0
BRDA:597,33,1,0
BRF:56
BRH:0
end_of_record
TN:
SF:src/app/admin/repositories/page.tsx
FN:6,AdminRepositoriesPage
FNF:1
FNH:0
FNDA:0,AdminRepositoriesPage
DA:1,0
DA:2,0
DA:3,0
DA:4,0
DA:6,0
DA:8,0
DA:9,0
DA:11,0
DA:12,0
DA:16,0
DA:17,0
DA:22,0
DA:23,0
DA:26,0
LF:14
LH:0
BRDA:11,0,0,0
BRDA:22,1,0,0
BRDA:22,2,0,0
BRDA:22,2,1,0
BRF:4
BRH:0
end_of_record
TN:
SF:src/app/analytics/page.tsx
FN:41,fetchAnalytics
FN:47,fetchTrends
FN:53,AnalyticsPage
FN:64,(anonymous_5)
FN:77,(anonymous_6)
FN:101,(anonymous_7)
FN:107,(anonymous_8)
FN:269,(anonymous_9)
FN:284,(anonymous_10)
FN:307,(anonymous_11)
FN:315,(anonymous_12)
FN:317,(anonymous_13)
FN:335,(anonymous_14)
FN:358,(anonymous_15)
FN:366,(anonymous_16)
FN:368,(anonymous_17)
FN:467,(anonymous_18)
FN:468,(anonymous_19)
FN:496,(anonymous_20)
FN:567,(anonymous_21)
FN:569,(anonymous_22)
FN:592,(anonymous_23)
FN:594,(anonymous_24)
FN:601,(anonymous_25)
FN:618,(anonymous_26)
FN:620,(anonymous_27)
FN:646,(anonymous_28)
FN:668,(anonymous_29)
FN:670,(anonymous_30)
FN:748,(anonymous_31)
FN:791,(anonymous_32)
FN:799,(anonymous_33)
FN:801,(anonymous_34)
FN:876,(anonymous_35)
FN:887,(anonymous_36)
FN:895,(anonymous_37)
FN:918,(anonymous_38)
FN:939,(anonymous_39)
FN:1012,(anonymous_40)
FN:1041,(anonymous_41)
FN:1077,(anonymous_42)
FN:1114,(anonymous_43)
FNF:42
FNH:0
FNDA:0,fetchAnalytics
FNDA:0,fetchTrends
FNDA:0,AnalyticsPage
FNDA:0,(anonymous_5)
FNDA:0,(anonymous_6)
FNDA:0,(anonymous_7)
FNDA:0,(anonymous_8)
FNDA:0,(anonymous_9)
FNDA:0,(anonymous_10)
FNDA:0,(anonymous_11)
FNDA:0,(anonymous_12)
FNDA:0,(anonymous_13)
FNDA:0,(anonymous_14)
FNDA:0,(anonymous_15)
FNDA:0,(anonymous_16)
FNDA:0,(anonymous_17)
FNDA:0,(anonymous_18)
FNDA:0,(anonymous_19)
FNDA:0,(anonymous_20)
FNDA:0,(anonymous_21)
FNDA:0,(anonymous_22)
FNDA:0,(anonymous_23)
FNDA:0,(anonymous_24)
FNDA:0,(anonymous_25)
FNDA:0,(anonymous_26)
FNDA:0,(anonymous_27)
FNDA:0,(anonymous_28)
FNDA:0,(anonymous_29)
FNDA:0,(anonymous_30)
FNDA:0,(anonymous_31)
FNDA:0,(anonymous_32)
FNDA:0,(anonymous_33)
FNDA:0,(anonymous_34)
FNDA:0,(anonymous_35)
FNDA:0,(anonymous_36)
FNDA:0,(anonymous_37)
FNDA:0,(anonymous_38)
FNDA:0,(anonymous_39)
FNDA:0,(anonymous_40)
FNDA:0,(anonymous_41)
FNDA:0,(anonymous_42)
FNDA:0,(anonymous_43)
DA:3,0
DA:4,0
DA:5,0
DA:6,0
DA:7,0
DA:8,0
DA:9,0
DA:10,0
DA:15,0
DA:20,0
DA:21,0
DA:22,0
DA:24,0
DA:25,0
DA:26,0
DA:27,0
DA:28,0
DA:29,0
DA:30,0
DA:31,0
DA:32,0
DA:33,0
DA:34,0
DA:35,0
DA:37,0
DA:42,0
DA:43,0
DA:44,0
DA:48,0
DA:49,0
DA:50,0
DA:53,0
DA:54,0
DA:56,0
DA:62,0
DA:64,0
DA:68,0
DA:78,0
DA:86,0
DA:99,0
DA:101,0
DA:102,0
DA:103,0
DA:104,0
DA:107,0
DA:108,0
DA:270,0
DA:284,0
DA:307,0
DA:315,0
DA:318,0
DA:335,0
DA:358,0
DA:366,0
DA:369,0
DA:467,0
DA:468,0
DA:497,0
DA:567,0
DA:569,0
DA:592,0
DA:594,0
DA:601,0
DA:618,0
DA:620,0
DA:646,0
DA:668,0
DA:670,0
DA:749,0
DA:791,0
DA:799,0
DA:802,0
DA:876,0
DA:888,0
DA:896,0
DA:918,0
DA:939,0
DA:1013,0
DA:1042,0
DA:1078,0
DA:1115,0
LF:81
LH:0
BRDA:43,0,0,0
BRDA:49,1,0,0
BRDA:68,2,0,0
BRDA:86,3,0,0
BRDA:86,4,0,0
BRDA:86,4,1,0
BRDA:102,5,0,0
BRDA:103,6,0,0
BRDA:268,7,0,0
BRDA:268,7,1,0
BRDA:384,8,0,0
BRDA:496,9,0,0
BRDA:496,9,1,0
BRDA:547,10,0,0
BRDA:547,10,1,0
BRDA:570,11,0,0
BRDA:570,11,1,0
BRDA:595,12,0,0
BRDA:595,12,1,0
BRDA:621,13,0,0
BRDA:621,13,1,0
BRDA:671,14,0,0
BRDA:671,14,1,0
BRDA:863,15,0,0
BRDA:863,15,1,0
BRDA:1027,16,0,0
BRDA:1027,16,1,0
BRDA:1205,17,0,0
BRDA:1205,17,1,0
BRDA:1212,18,0,0
BRDA:1212,18,1,0
BRF:31
BRH:0
end_of_record
TN:
SF:src/app/api/admin/repositories/batch-create/route.ts
FN:7,POST
FN:50,(anonymous_4)
FN:79,GET
FN:119,executeBatchCreation
FN:149,notifyCompletion
FNF:5
FNH:0
FNDA:0,POST
FNDA:0,(anonymous_4)
FNDA:0,GET
FNDA:0,executeBatchCreation
FNDA:0,notifyCompletion
DA:1,0
DA:2,0
DA:3,0
DA:4,0
DA:7,0
DA:8,0
DA:10,0
DA:11,0
DA:13,0
DA:14,0
DA:21,0
DA:26,0
DA:27,0
DA:33,0
DA:34,0
DA:37,0
DA:50,0
DA:51,0
DA:52,0
DA:64,0
DA:70,0
DA:71,0
DA:79,0
DA:80,0
DA:81,0
DA:82,0
DA:84,0
DA:85,0
DA:91,0
DA:96,0
DA:97,0
DA:103,0
DA:109,0
DA:111,0
DA:112,0
DA:121,0
DA:131,0
DA:134,0
DA:146,0
DA:151,0
DA:152,0
LF:41
LH:0
BRDA:13,0,0,0
BRDA:26,1,0,0
BRDA:26,2,0,0
BRDA:26,2,1,0
BRDA:34,3,0,0
BRDA:34,4,0,0
BRDA:84,5,0,0
BRDA:96,6,0,0
BRDA:96,7,0,0
BRDA:96,7,1,0
BRDA:151,8,0,0
BRF:11
BRH:0
end_of_record
TN:
SF:src/app/api/admin/repositories/batch-create/[jobId]/route.ts
FN:12,GET
FN:68,DELETE
FN:124,calculateProgress
FNF:3
FNH:0
FNDA:0,GET
FNDA:0,DELETE
FNDA:0,calculateProgress
DA:1,0
DA:2,0
DA:3,0
DA:12,0
DA:13,0
DA:14,0
DA:15,0
DA:17,0
DA:18,0
DA:24,0
DA:29,0
DA:30,0
DA:36,0
DA:40,0
DA:41,0
DA:48,0
DA:53,0
DA:59,0
DA:60,0
DA:68,0
DA:69,0
DA:70,0
DA:71,0
DA:73,0
DA:74,0
DA:80,0
DA:85,0
DA:86,0
DA:92,0
DA:96,0
DA:97,0
DA:103,0
DA:114,0
DA:116,0
DA:117,0
DA:125,0
DA:126,0
DA:128,0
DA:129,0
DA:131,0
LF:40
LH:0
BRDA:17,0,0,0
BRDA:29,1,0,0
BRDA:29,2,0,0
BRDA:29,2,1,0
BRDA:40,3,0,0
BRDA:73,4,0,0
BRDA:85,5,0,0
BRDA:85,6,0,0
BRDA:85,6,1,0
BRDA:96,7,0,0
BRDA:96,8,0,0
BRDA:96,8,1,0
BRDA:125,9,0,0
BRDA:126,10,0,0
BRDA:126,11,0,0
BRDA:126,11,1,0
BRDA:128,12,0,0
BRDA:128,12,1,0
BRF:18
BRH:0
end_of_record
TN:
SF:src/app/api/admin/stats/route.ts
FN:11,getCpuUsage
FN:15,(anonymous_3)
FN:24,(anonymous_4)
FN:35,getDiskUsage
FN:59,GET
FN:149,(anonymous_7)
FNF:6
FNH:0
FNDA:0,getCpuUsage
FNDA:0,(anonymous_3)
FNDA:0,(anonymous_4)
FNDA:0,getDiskUsage
FNDA:0,GET
FNDA:0,(anonymous_7)
DA:1,0
DA:2,0
DA:3,0
DA:4,0
DA:5,0
DA:6,0
DA:8,0
DA:12,0
DA:14,0
DA:15,0
DA:16,0
DA:17,0
DA:18,0
DA:19,0
DA:20,0
DA:21,0
DA:24,0
DA:25,0
DA:26,0
DA:28,0
DA:30,0
DA:36,0
DA:38,0
DA:39,0
DA:41,0
DA:42,0
DA:43,0
DA:46,0
DA:47,0
DA:48,0
DA:49,0
DA:50,0
DA:51,0
DA:52,0
DA:54,0
DA:59,0
DA:60,0
DA:61,0
DA:63,0
DA:64,0
DA:67,0
DA:68,0
DA:72,0
DA:79,0
DA:80,0
DA:82,0
DA:91,0
DA:105,0
DA:106,0
DA:108,0
DA:109,0
DA:110,0
DA:111,0
DA:112,0
DA:113,0
DA:115,0
DA:134,0
DA:142,0
DA:149,0
DA:156,0
DA:157,0
DA:158,0
DA:161,0
DA:166,0
DA:167,0
DA:168,0
DA:169,0
DA:171,0
DA:192,0
DA:194,0
DA:195,0
LF:71
LH:0
BRDA:41,0,0,0
BRDA:41,0,1,0
BRDA:43,1,0,0
BRDA:43,1,1,0
BRDA:63,2,0,0
BRDA:67,3,0,0
BRDA:150,4,0,0
BRDA:150,4,1,0
BRF:8
BRH:0
end_of_record
TN:
SF:src/app/api/admin/users/[id]/route.ts
FN:5,PATCH
FN:73,DELETE
FNF:2
FNH:0
FNDA:0,PATCH
FNDA:0,DELETE
DA:1,0
DA:2,0
DA:3,0
DA:5,0
DA:9,0
DA:10,0
DA:12,0
DA:13,0
DA:16,0
DA:17,0
DA:20,0
DA:21,0
DA:23,0
DA:24,0
DA:28,0
DA:29,0
DA:34,0
DA:47,0
DA:60,0
DA:65,0
DA:66,0
DA:73,0
DA:77,0
DA:78,0
DA:80,0
DA:81,0
DA:84,0
DA:85,0
DA:88,0
DA:91,0
DA:92,0
DA:98,0
DA:103,0
DA:104,0
DA:108,0
DA:113,0
DA:127,0
DA:132,0
DA:133,0
LF:39
LH:0
BRDA:12,0,0,0
BRDA:16,1,0,0
BRDA:23,2,0,0
BRDA:23,3,0,0
BRDA:23,3,1,0
BRDA:28,4,0,0
BRDA:28,5,0,0
BRDA:28,5,1,0
BRDA:80,6,0,0
BRDA:84,7,0,0
BRDA:91,8,0,0
BRDA:103,9,0,0
BRF:12
BRH:0
end_of_record
TN:
SF:src/app/api/ai-development/execute/route.ts
FN:8,(anonymous_1)
FN:40,(anonymous_2)
FN:41,(anonymous_3)
FNF:3
FNH:0
FNDA:0,(anonymous_1)
FNDA:0,(anonymous_2)
FNDA:0,(anonymous_3)
DA:1,0
DA:2,0
DA:3,0
DA:4,0
DA:7,0
DA:9,0
DA:10,0
DA:11,0
DA:13,0
DA:14,0
DA:21,0
DA:33,0
DA:35,0
DA:40,0
DA:41,0
DA:45,0
DA:46,0
LF:17
LH:0
BRDA:13,0,0,0
BRDA:13,1,0,0
BRDA:13,1,1,0
BRDA:13,1,2,0
BRDA:26,2,0,0
BRDA:26,2,1,0
BRDA:27,3,0,0
BRDA:27,3,1,0
BRDA:28,4,0,0
BRDA:28,4,1,0
BRF:10
BRH:0
end_of_record
TN:
SF:src/app/api/analytics/route.ts
FN:71,(anonymous_1)
FN:123,(anonymous_2)
FN:167,generateAnalytics
FN:177,(anonymous_4)
FN:179,(anonymous_5)
FN:182,(anonymous_6)
FN:185,(anonymous_7)
FN:192,(anonymous_8)
FN:204,(anonymous_9)
FN:213,(anonymous_10)
FN:227,(anonymous_11)
FN:238,(anonymous_12)
FN:240,(anonymous_13)
FN:253,(anonymous_14)
FN:270,(anonymous_15)
FN:290,(anonymous_16)
FN:303,(anonymous_17)
FN:310,(anonymous_18)
FN:317,(anonymous_19)
FN:329,(anonymous_20)
FN:333,(anonymous_21)
FN:335,(anonymous_22)
FN:345,(anonymous_23)
FN:348,(anonymous_24)
FN:352,(anonymous_25)
FN:358,(anonymous_26)
FN:360,(anonymous_27)
FN:372,(anonymous_28)
FN:376,(anonymous_29)
FN:382,(anonymous_30)
FN:384,(anonymous_31)
FN:410,(anonymous_32)
FN:439,(anonymous_33)
FNF:33
FNH:0
FNDA:0,(anonymous_1)
FNDA:0,(anonymous_2)
FNDA:0,generateAnalytics
FNDA:0,(anonymous_4)
FNDA:0,(anonymous_5)
FNDA:0,(anonymous_6)
FNDA:0,(anonymous_7)
FNDA:0,(anonymous_8)
FNDA:0,(anonymous_9)
FNDA:0,(anonymous_10)
FNDA:0,(anonymous_11)
FNDA:0,(anonymous_12)
FNDA:0,(anonymous_13)
FNDA:0,(anonymous_14)
FNDA:0,(anonymous_15)
FNDA:0,(anonymous_16)
FNDA:0,(anonymous_17)
FNDA:0,(anonymous_18)
FNDA:0,(anonymous_19)
FNDA:0,(anonymous_20)
FNDA:0,(anonymous_21)
FNDA:0,(anonymous_22)
FNDA:0,(anonymous_23)
FNDA:0,(anonymous_24)
FNDA:0,(anonymous_25)
FNDA:0,(anonymous_26)
FNDA:0,(anonymous_27)
FNDA:0,(anonymous_28)
FNDA:0,(anonymous_29)
FNDA:0,(anonymous_30)
FNDA:0,(anonymous_31)
FNDA:0,(anonymous_32)
FNDA:0,(anonymous_33)
DA:1,0
DA:2,0
DA:3,0
DA:4,0
DA:70,0
DA:72,0
DA:81,0
DA:123,0
DA:145,0
DA:154,0
DA:157,0
DA:158,0
DA:176,0
DA:177,0
DA:178,0
DA:179,0
DA:181,0
DA:182,0
DA:185,0
DA:188,0
DA:189,0
DA:190,0
DA:192,0
DA:193,0
DA:194,0
DA:195,0
DA:197,0
DA:198,0
DA:199,0
DA:203,0
DA:204,0
DA:205,0
DA:209,0
DA:213,0
DA:214,0
DA:215,0
DA:216,0
DA:217,0
DA:218,0
DA:219,0
DA:223,0
DA:227,0
DA:228,0
DA:229,0
DA:230,0
DA:231,0
DA:232,0
DA:233,0
DA:237,0
DA:238,0
DA:240,0
DA:249,0
DA:253,0
DA:254,0
DA:255,0
DA:256,0
DA:257,0
DA:258,0
DA:262,0
DA:270,0
DA:271,0
DA:272,0
DA:273,0
DA:274,0
DA:275,0
DA:276,0
DA:277,0
DA:278,0
DA:279,0
DA:281,0
DA:286,0
DA:290,0
DA:291,0
DA:292,0
DA:293,0
DA:294,0
DA:295,0
DA:296,0
DA:300,0
DA:301,0
DA:303,0
DA:304,0
DA:305,0
DA:306,0
DA:307,0
DA:310,0
DA:311,0
DA:315,0
DA:316,0
DA:317,0
DA:318,0
DA:319,0
DA:320,0
DA:321,0
DA:322,0
DA:325,0
DA:328,0
DA:330,0
DA:333,0
DA:335,0
DA:344,0
DA:346,0
DA:348,0
DA:351,0
DA:353,0
DA:358,0
DA:360,0
DA:370,0
DA:371,0
DA:373,0
DA:374,0
DA:377,0
DA:378,0
DA:381,0
DA:382,0
DA:384,0
DA:386,0
DA:411,0
DA:412,0
DA:439,0
LF:120
LH:0
BRDA:131,0,0,0
BRDA:131,0,1,0
BRDA:136,1,0,0
BRDA:136,1,1,0
BRDA:137,2,0,0
BRDA:137,2,1,0
BRDA:177,3,0,0
BRDA:177,3,1,0
BRDA:178,4,0,0
BRDA:178,4,1,0
BRDA:179,5,0,0
BRDA:179,5,1,0
BRDA:181,6,0,0
BRDA:181,6,1,0
BRDA:182,7,0,0
BRDA:182,7,1,0
BRDA:193,8,0,0
BRDA:193,8,1,0
BRDA:194,9,0,0
BRDA:194,9,1,0
BRDA:195,10,0,0
BRDA:195,10,1,0
BRDA:195,11,0,0
BRDA:195,11,1,0
BRDA:197,12,0,0
BRDA:198,13,0,0
BRDA:198,13,1,0
BRDA:205,14,0,0
BRDA:205,14,1,0
BRDA:214,15,0,0
BRDA:214,15,1,0
BRDA:215,16,0,0
BRDA:215,16,1,0
BRDA:216,17,0,0
BRDA:216,17,1,0
BRDA:217,18,0,0
BRDA:217,18,1,0
BRDA:218,19,0,0
BRDA:218,19,1,0
BRDA:228,20,0,0
BRDA:228,20,1,0
BRDA:229,21,0,0
BRDA:229,21,1,0
BRDA:230,22,0,0
BRDA:230,22,1,0
BRDA:231,23,0,0
BRDA:231,23,1,0
BRDA:232,24,0,0
BRDA:232,24,1,0
BRDA:238,25,0,0
BRDA:238,25,1,0
BRDA:238,26,0,0
BRDA:238,26,1,0
BRDA:244,27,0,0
BRDA:244,27,1,0
BRDA:254,28,0,0
BRDA:254,28,1,0
BRDA:255,29,0,0
BRDA:255,29,1,0
BRDA:256,30,0,0
BRDA:256,30,1,0
BRDA:257,31,0,0
BRDA:257,31,1,0
BRDA:271,32,0,0
BRDA:271,32,1,0
BRDA:272,33,0,0
BRDA:272,33,1,0
BRDA:272,34,0,0
BRDA:272,34,1,0
BRDA:274,35,0,0
BRDA:274,35,1,0
BRDA:274,36,0,0
BRDA:274,36,1,0
BRDA:276,37,0,0
BRDA:276,37,1,0
BRDA:276,38,0,0
BRDA:276,38,1,0
BRDA:276,38,2,0
BRDA:278,39,0,0
BRDA:278,39,1,0
BRDA:278,40,0,0
BRDA:278,40,1,0
BRDA:291,41,0,0
BRDA:291,41,1,0
BRDA:292,42,0,0
BRDA:292,42,1,0
BRDA:293,43,0,0
BRDA:293,43,1,0
BRDA:294,44,0,0
BRDA:294,44,1,0
BRDA:294,45,0,0
BRDA:294,45,1,0
BRDA:295,46,0,0
BRDA:295,46,1,0
BRDA:304,47,0,0
BRDA:304,47,1,0
BRDA:305,48,0,0
BRDA:306,49,0,0
BRDA:306,49,1,0
BRDA:311,50,0,0
BRDA:311,50,1,0
BRDA:318,51,0,0
BRDA:318,52,0,0
BRDA:318,52,1,0
BRDA:325,53,0,0
BRDA:325,53,1,0
BRDA:330,54,0,0
BRDA:330,54,1,0
BRDA:330,55,0,0
BRDA:330,55,1,0
BRDA:331,56,0,0
BRDA:331,56,1,0
BRDA:333,57,0,0
BRDA:333,57,1,0
BRDA:333,58,0,0
BRDA:333,58,1,0
BRDA:339,59,0,0
BRDA:339,59,1,0
BRDA:346,60,0,0
BRDA:346,60,1,0
BRDA:353,61,0,0
BRDA:353,61,1,0
BRDA:353,61,2,0
BRDA:353,61,3,0
BRDA:353,62,0,0
BRDA:353,62,1,0
BRDA:354,63,0,0
BRDA:354,63,1,0
BRDA:355,64,0,0
BRDA:355,64,1,0
BRDA:356,65,0,0
BRDA:356,65,1,0
BRDA:358,66,0,0
BRDA:358,66,1,0
BRDA:358,67,0,0
BRDA:358,67,1,0
BRDA:365,68,0,0
BRDA:365,68,1,0
BRDA:377,69,0,0
BRDA:377,69,1,0
BRDA:378,70,0,0
BRDA:378,70,1,0
BRDA:411,71,0,0
BRDA:411,71,1,0
BRDA:441,72,0,0
BRDA:441,72,1,0
BRDA:442,73,0,0
BRDA:442,73,1,0
BRDA:443,74,0,0
BRDA:443,74,1,0
BRDA:444,75,0,0
BRDA:444,75,1,0
BRDA:445,76,0,0
BRDA:445,76,1,0
BRDA:446,77,0,0
BRDA:446,77,1,0
BRDA:447,78,0,0
BRDA:447,78,1,0
BRDA:448,79,0,0
BRDA:448,79,1,0
BRF:160
BRH:0
end_of_record
TN:
SF:src/app/api/analytics/ai-insights/route.ts
FN:12,(anonymous_3)
FN:60,(anonymous_4)
FN:108,(anonymous_5)
FN:115,(anonymous_6)
FN:132,(anonymous_7)
FN:136,(anonymous_8)
FN:187,(anonymous_9)
FN:207,(anonymous_10)
FN:210,(anonymous_11)
FN:211,(anonymous_12)
FN:221,(anonymous_13)
FN:223,(anonymous_14)
FN:234,(anonymous_15)
FN:274,(anonymous_16)
FN:277,(anonymous_17)
FN:288,(anonymous_18)
FN:304,(anonymous_19)
FN:332,(anonymous_20)
FNF:18
FNH:0
FNDA:0,(anonymous_3)
FNDA:0,(anonymous_4)
FNDA:0,(anonymous_5)
FNDA:0,(anonymous_6)
FNDA:0,(anonymous_7)
FNDA:0,(anonymous_8)
FNDA:0,(anonymous_9)
FNDA:0,(anonymous_10)
FNDA:0,(anonymous_11)
FNDA:0,(anonymous_12)
FNDA:0,(anonymous_13)
FNDA:0,(anonymous_14)
FNDA:0,(anonymous_15)
FNDA:0,(anonymous_16)
FNDA:0,(anonymous_17)
FNDA:0,(anonymous_18)
FNDA:0,(anonymous_19)
FNDA:0,(anonymous_20)
DA:1,0
DA:2,0
DA:3,0
DA:4,0
DA:6,0
DA:7,0
DA:8,0
DA:9,0
DA:11,0
DA:13,0
DA:14,0
DA:15,0
DA:16,0
DA:18,0
DA:20,0
DA:21,0
DA:24,0
DA:25,0
DA:26,0
DA:27,0
DA:28,0
DA:30,0
DA:34,0
DA:35,0
DA:36,0
DA:39,0
DA:51,0
DA:53,0
DA:54,0
DA:60,0
DA:61,0
DA:62,0
DA:68,0
DA:72,0
DA:83,0
DA:84,0
DA:86,0
DA:87,0
DA:98,0
DA:105,0
DA:108,0
DA:109,0
DA:111,0
DA:113,0
DA:115,0
DA:123,0
DA:125,0
DA:129,0
DA:131,0
DA:132,0
DA:135,0
DA:137,0
DA:138,0
DA:151,0
DA:152,0
DA:155,0
DA:156,0
DA:157,0
DA:158,0
DA:160,0
DA:167,0
DA:175,0
DA:186,0
DA:187,0
DA:190,0
DA:191,0
DA:198,0
DA:199,0
DA:205,0
DA:208,0
DA:210,0
DA:211,0
DA:221,0
DA:223,0
DA:227,0
DA:229,0
DA:234,0
DA:235,0
DA:253,0
DA:273,0
DA:274,0
DA:276,0
DA:277,0
DA:287,0
DA:289,0
DA:294,0
DA:300,0
DA:304,0
DA:321,0
DA:322,0
DA:331,0
DA:333,0
DA:334,0
DA:335,0
DA:337,0
DA:338,0
DA:340,0
DA:343,0
DA:344,0
DA:346,0
DA:353,0
DA:354,0
DA:360,0
DA:365,0
DA:369,0
DA:375,0
DA:376,0
LF:107
LH:0
BRDA:14,0,0,0
BRDA:14,0,1,0
BRDA:28,1,0,0
BRDA:28,1,1,0
BRDA:51,2,0,0
BRDA:51,2,1,0
BRDA:51,2,2,0
BRDA:51,2,3,0
BRDA:51,2,4,0
BRDA:51,2,5,0
BRDA:51,2,6,0
BRDA:53,3,0,0
BRDA:61,4,0,0
BRDA:73,5,0,0
BRDA:73,5,1,0
BRDA:74,6,0,0
BRDA:74,6,1,0
BRDA:75,7,0,0
BRDA:75,7,1,0
BRDA:75,8,0,0
BRDA:75,8,1,0
BRDA:77,9,0,0
BRDA:77,9,1,0
BRDA:78,10,0,0
BRDA:78,10,1,0
BRDA:83,11,0,0
BRDA:83,11,1,0
BRDA:109,12,0,0
BRDA:109,12,1,0
BRDA:109,13,0,0
BRDA:109,13,1,0
BRDA:132,14,0,0
BRDA:132,14,1,0
BRDA:132,15,0,0
BRDA:132,15,1,0
BRDA:139,16,0,0
BRDA:139,16,1,0
BRDA:140,17,0,0
BRDA:140,17,1,0
BRDA:141,18,0,0
BRDA:141,18,1,0
BRDA:141,19,0,0
BRDA:141,19,1,0
BRDA:143,20,0,0
BRDA:143,20,1,0
BRDA:144,21,0,0
BRDA:144,21,1,0
BRDA:146,22,0,0
BRDA:146,22,1,0
BRDA:163,23,0,0
BRDA:163,23,1,0
BRDA:163,24,0,0
BRDA:163,24,1,0
BRDA:168,25,0,0
BRDA:168,25,1,0
BRDA:176,26,0,0
BRDA:176,26,1,0
BRDA:198,27,0,0
BRDA:208,28,0,0
BRDA:208,28,1,0
BRDA:208,29,0,0
BRDA:208,29,1,0
BRDA:210,30,0,0
BRDA:210,30,1,0
BRDA:221,31,0,0
BRDA:221,31,1,0
BRDA:221,32,0,0
BRDA:221,32,1,0
BRDA:266,33,0,0
BRDA:266,33,1,0
BRDA:289,34,0,0
BRDA:289,34,1,0
BRDA:289,35,0,0
BRDA:289,35,1,0
BRDA:290,36,0,0
BRDA:290,36,1,0
BRDA:290,37,0,0
BRDA:290,37,1,0
BRDA:314,38,0,0
BRDA:314,38,1,0
BRDA:315,39,0,0
BRDA:315,39,1,0
BRDA:340,40,0,0
BRDA:340,40,1,0
BRDA:340,40,2,0
BRDA:353,41,0,0
BRDA:362,42,0,0
BRDA:362,42,1,0
BRF:88
BRH:0
end_of_record
TN:
SF:src/app/api/analytics/insights/route.ts
FN:45,(anonymous_1)
FN:92,(anonymous_2)
FN:108,(anonymous_3)
FN:120,(anonymous_4)
FN:121,(anonymous_5)
FN:125,(anonymous_6)
FN:126,(anonymous_7)
FN:131,(anonymous_8)
FN:132,(anonymous_9)
FN:136,(anonymous_10)
FN:136,(anonymous_11)
FN:141,(anonymous_12)
FN:151,(anonymous_13)
FN:166,(anonymous_14)
FN:172,(anonymous_15)
FN:173,(anonymous_16)
FN:174,(anonymous_17)
FN:186,(anonymous_18)
FN:196,(anonymous_19)
FN:197,(anonymous_20)
FN:199,(anonymous_21)
FN:202,(anonymous_22)
FN:203,(anonymous_23)
FN:205,(anonymous_24)
FN:214,(anonymous_25)
FN:217,(anonymous_26)
FN:219,(anonymous_27)
FN:224,(anonymous_28)
FN:227,(anonymous_29)
FN:231,(anonymous_30)
FNF:30
FNH:0
FNDA:0,(anonymous_1)
FNDA:0,(anonymous_2)
FNDA:0,(anonymous_3)
FNDA:0,(anonymous_4)
FNDA:0,(anonymous_5)
FNDA:0,(anonymous_6)
FNDA:0,(anonymous_7)
FNDA:0,(anonymous_8)
FNDA:0,(anonymous_9)
FNDA:0,(anonymous_10)
FNDA:0,(anonymous_11)
FNDA:0,(anonymous_12)
FNDA:0,(anonymous_13)
FNDA:0,(anonymous_14)
FNDA:0,(anonymous_15)
FNDA:0,(anonymous_16)
FNDA:0,(anonymous_17)
FNDA:0,(anonymous_18)
FNDA:0,(anonymous_19)
FNDA:0,(anonymous_20)
FNDA:0,(anonymous_21)
FNDA:0,(anonymous_22)
FNDA:0,(anonymous_23)
FNDA:0,(anonymous_24)
FNDA:0,(anonymous_25)
FNDA:0,(anonymous_26)
FNDA:0,(anonymous_27)
FNDA:0,(anonymous_28)
FNDA:0,(anonymous_29)
FNDA:0,(anonymous_30)
DA:1,0
DA:2,0
DA:3,0
DA:4,0
DA:6,0
DA:7,0
DA:44,0
DA:46,0
DA:48,0
DA:82,0
DA:83,0
DA:84,0
DA:85,0
DA:89,0
DA:92,0
DA:108,0
DA:119,0
DA:120,0
DA:121,0
DA:124,0
DA:125,0
DA:126,0
DA:130,0
DA:131,0
DA:132,0
DA:134,0
DA:136,0
DA:137,0
DA:140,0
DA:141,0
DA:142,0
DA:143,0
DA:146,0
DA:147,0
DA:150,0
DA:151,0
DA:163,0
DA:166,0
DA:171,0
DA:172,0
DA:173,0
DA:174,0
DA:177,0
DA:178,0
DA:185,0
DA:186,0
DA:187,0
DA:188,0
DA:190,0
DA:191,0
DA:192,0
DA:195,0
DA:196,0
DA:197,0
DA:199,0
DA:201,0
DA:202,0
DA:203,0
DA:205,0
DA:208,0
DA:214,0
DA:217,0
DA:220,0
DA:221,0
DA:224,0
DA:227,0
DA:231,0
DA:247,0
DA:249,0
DA:250,0
LF:70
LH:0
BRDA:95,0,0,0
BRDA:95,0,1,0
BRDA:96,1,0,0
BRDA:96,1,1,0
BRDA:97,2,0,0
BRDA:97,2,1,0
BRDA:97,3,0,0
BRDA:97,3,1,0
BRDA:99,4,0,0
BRDA:99,4,1,0
BRDA:100,5,0,0
BRDA:100,5,1,0
BRDA:101,6,0,0
BRDA:101,6,1,0
BRDA:112,7,0,0
BRDA:112,7,1,0
BRDA:112,8,0,0
BRDA:112,8,1,0
BRDA:131,9,0,0
BRDA:131,9,1,0
BRDA:131,10,0,0
BRDA:131,10,1,0
BRDA:136,11,0,0
BRDA:136,11,1,0
BRDA:143,12,0,0
BRDA:143,12,1,0
BRDA:153,13,0,0
BRDA:153,13,1,0
BRDA:153,14,0,0
BRDA:153,14,1,0
BRDA:157,15,0,0
BRDA:157,15,1,0
BRDA:158,16,0,0
BRDA:158,16,1,0
BRDA:159,17,0,0
BRDA:159,17,1,0
BRDA:179,18,0,0
BRDA:179,18,1,0
BRDA:180,19,0,0
BRDA:180,19,1,0
BRDA:181,20,0,0
BRDA:181,20,1,0
BRDA:187,21,0,0
BRDA:191,22,0,0
BRDA:192,23,0,0
BRDA:222,24,0,0
BRDA:222,24,1,0
BRDA:228,25,0,0
BRDA:228,25,1,0
BRDA:229,26,0,0
BRDA:229,26,1,0
BRF:51
BRH:0
end_of_record
TN:
SF:src/app/api/analytics/trends/route.ts
FN:17,(anonymous_1)
FN:107,(anonymous_2)
FN:113,(anonymous_3)
FN:119,(anonymous_4)
FN:142,(anonymous_5)
FN:155,(anonymous_6)
FN:156,(anonymous_7)
FN:166,(anonymous_8)
FN:178,(anonymous_9)
FN:190,(anonymous_10)
FN:199,(anonymous_11)
FN:210,(anonymous_12)
FN:211,(anonymous_13)
FN:214,(anonymous_14)
FN:217,(anonymous_15)
FNF:15
FNH:0
FNDA:0,(anonymous_1)
FNDA:0,(anonymous_2)
FNDA:0,(anonymous_3)
FNDA:0,(anonymous_4)
FNDA:0,(anonymous_5)
FNDA:0,(anonymous_6)
FNDA:0,(anonymous_7)
FNDA:0,(anonymous_8)
FNDA:0,(anonymous_9)
FNDA:0,(anonymous_10)
FNDA:0,(anonymous_11)
FNDA:0,(anonymous_12)
FNDA:0,(anonymous_13)
FNDA:0,(anonymous_14)
FNDA:0,(anonymous_15)
DA:1,0
DA:2,0
DA:3,0
DA:4,0
DA:16,0
DA:18,0
DA:19,0
DA:20,0
DA:21,0
DA:22,0
DA:25,0
DA:44,0
DA:60,0
DA:78,0
DA:88,0
DA:95,0
DA:96,0
DA:97,0
DA:98,0
DA:99,0
DA:107,0
DA:108,0
DA:109,0
DA:110,0
DA:113,0
DA:114,0
DA:115,0
DA:116,0
DA:119,0
DA:120,0
DA:121,0
DA:122,0
DA:126,0
DA:134,0
DA:142,0
DA:144,0
DA:145,0
DA:152,0
DA:153,0
DA:155,0
DA:156,0
DA:159,0
DA:166,0
DA:167,0
DA:168,0
DA:171,0
DA:178,0
DA:179,0
DA:180,0
DA:181,0
DA:184,0
DA:190,0
DA:191,0
DA:192,0
DA:193,0
DA:195,0
DA:199,0
DA:200,0
DA:202,0
DA:209,0
DA:210,0
DA:211,0
DA:213,0
DA:214,0
DA:217,0
DA:218,0
DA:219,0
DA:220,0
DA:223,0
DA:230,0
DA:232,0
DA:233,0
LF:72
LH:0
BRDA:20,0,0,0
BRDA:20,0,1,0
BRDA:110,1,0,0
BRDA:116,2,0,0
BRDA:122,3,0,0
BRDA:167,4,0,0
BRDA:167,4,1,0
BRDA:179,5,0,0
BRDA:179,5,1,0
BRDA:180,6,0,0
BRDA:180,6,1,0
BRDA:192,7,0,0
BRDA:192,7,1,0
BRDA:193,8,0,0
BRDA:193,8,1,0
BRDA:200,9,0,0
BRDA:200,9,1,0
BRDA:210,10,0,0
BRDA:210,10,1,0
BRDA:213,11,0,0
BRDA:213,11,1,0
BRDA:218,12,0,0
BRDA:218,12,1,0
BRDA:218,13,0,0
BRDA:218,13,1,0
BRDA:219,14,0,0
BRDA:219,14,1,0
BRF:27
BRH:0
end_of_record
TN:
SF:src/app/api/auth/login/route.ts
FN:6,(anonymous_1)
FNF:1
FNH:0
FNDA:0,(anonymous_1)
DA:1,0
DA:2,0
DA:3,0
DA:4,0
DA:6,0
DA:7,0
DA:9,0
DA:11,0
DA:12,0
DA:18,0
DA:20,0
DA:26,0
DA:33,0
DA:35,0
DA:36,0
LF:15
LH:0
BRDA:11,0,0,0
BRDA:35,1,0,0
BRDA:35,1,1,0
BRF:3
BRH:0
end_of_record
TN:
SF:src/app/api/auth/logout/route.ts
FN:5,POST
FNF:1
FNH:0
FNDA:0,POST
DA:1,0
DA:2,0
DA:3,0
DA:5,0
DA:6,0
DA:7,0
DA:8,0
DA:10,0
DA:11,0
DA:14,0
DA:15,0
DA:17,0
DA:19,0
LF:13
LH:0
BRDA:10,0,0,0
BRDA:20,1,0,0
BRDA:20,1,1,0
BRF:3
BRH:0
end_of_record
TN:
SF:src/app/api/auth/me/route.ts
FN:7,(anonymous_1)
FNF:1
FNH:0
FNDA:0,(anonymous_1)
DA:1,0
DA:2,0
DA:3,0
DA:6,0
DA:8,0
LF:5
LH:0
BRF:0
BRH:0
end_of_record
TN:
SF:src/app/api/auth/register/route.ts
FN:6,(anonymous_1)
FNF:1
FNH:0
FNDA:0,(anonymous_1)
DA:1,0
DA:2,0
DA:3,0
DA:4,0
DA:6,0
DA:7,0
DA:9,0
DA:11,0
DA:12,0
DA:18,0
DA:20,0
DA:26,0
DA:33,0
DA:35,0
DA:36,0
LF:15
LH:0
BRDA:11,0,0,0
BRDA:35,1,0,0
BRDA:35,1,1,0
BRF:3
BRH:0
end_of_record
TN:
SF:src/app/api/collaborate/route.ts
FN:9,(anonymous_3)
FN:73,(anonymous_4)
FN:79,(anonymous_5)
FN:87,(anonymous_6)
FN:105,(anonymous_7)
FN:161,(anonymous_8)
FN:201,handleCreateTeam
FN:249,(anonymous_10)
FN:260,handleInviteMember
FN:351,handleAssignProject
FN:426,handleUpdateProjectStatus
FN:513,handleUpdateProjectPriority
FN:527,handleUpdateProjectProgress
FN:544,handleAddComment
FN:600,formatActivity
FNF:15
FNH:0
FNDA:0,(anonymous_3)
FNDA:0,(anonymous_4)
FNDA:0,(anonymous_5)
FNDA:0,(anonymous_6)
FNDA:0,(anonymous_7)
FNDA:0,(anonymous_8)
FNDA:0,handleCreateTeam
FNDA:0,(anonymous_10)
FNDA:0,handleInviteMember
FNDA:0,handleAssignProject
FNDA:0,handleUpdateProjectStatus
FNDA:0,handleUpdateProjectPriority
FNDA:0,handleUpdateProjectProgress
FNDA:0,handleAddComment
FNDA:0,formatActivity
DA:1,0
DA:2,0
DA:3,0
DA:4,0
DA:6,0
DA:8,0
DA:10,0
DA:11,0
DA:12,0
DA:13,0
DA:15,0
DA:17,0
DA:30,0
DA:38,0
DA:73,0
DA:79,0
DA:87,0
DA:98,0
DA:99,0
DA:100,0
DA:105,0
DA:124,0
DA:128,0
DA:129,0
DA:130,0
DA:138,0
DA:141,0
DA:147,0
DA:151,0
DA:160,0
DA:162,0
DA:163,0
DA:165,0
DA:167,0
DA:169,0
DA:171,0
DA:173,0
DA:175,0
DA:177,0
DA:179,0
DA:181,0
DA:187,0
DA:191,0
DA:192,0
DA:202,0
DA:204,0
DA:205,0
DA:211,0
DA:234,0
DA:243,0
DA:249,0
DA:261,0
DA:264,0
DA:273,0
DA:274,0
DA:281,0
DA:285,0
DA:286,0
DA:293,0
DA:302,0
DA:303,0
DA:310,0
DA:319,0
DA:329,0
DA:339,0
DA:352,0
DA:355,0
DA:364,0
DA:365,0
DA:372,0
DA:376,0
DA:377,0
DA:384,0
DA:393,0
DA:394,0
DA:401,0
DA:410,0
DA:420,0
DA:427,0
DA:430,0
DA:439,0
DA:440,0
DA:447,0
DA:448,0
DA:460,0
DA:461,0
DA:463,0
DA:464,0
DA:465,0
DA:468,0
DA:469,0
DA:470,0
DA:474,0
DA:475,0
DA:481,0
DA:488,0
DA:489,0
DA:490,0
DA:491,0
DA:493,0
DA:494,0
DA:497,0
DA:507,0
DA:514,0
DA:516,0
DA:517,0
DA:524,0
DA:528,0
DA:530,0
DA:531,0
DA:538,0
DA:541,0
DA:545,0
DA:547,0
DA:548,0
DA:554,0
DA:573,0
DA:583,0
DA:601,0
LF:119
LH:0
BRDA:15,0,0,0
BRDA:99,1,0,0
BRDA:101,2,0,0
BRDA:101,2,1,0
BRDA:129,3,0,0
BRDA:138,4,0,0
BRDA:138,4,1,0
BRDA:165,5,0,0
BRDA:165,5,1,0
BRDA:165,5,2,0
BRDA:165,5,3,0
BRDA:165,5,4,0
BRDA:165,5,5,0
BRDA:165,5,6,0
BRDA:165,5,7,0
BRDA:189,6,0,0
BRDA:189,6,1,0
BRDA:191,7,0,0
BRDA:191,7,1,0
BRDA:204,8,0,0
BRDA:261,9,0,0
BRDA:273,10,0,0
BRDA:273,11,0,0
BRDA:273,11,1,0
BRDA:273,11,2,0
BRDA:285,12,0,0
BRDA:302,13,0,0
BRDA:364,14,0,0
BRDA:364,15,0,0
BRDA:364,15,1,0
BRDA:364,15,2,0
BRDA:376,16,0,0
BRDA:393,17,0,0
BRDA:439,18,0,0
BRDA:447,19,0,0
BRDA:463,20,0,0
BRDA:468,21,0,0
BRDA:474,22,0,0
BRDA:474,22,1,0
BRDA:489,23,0,0
BRDA:491,24,0,0
BRDA:493,25,0,0
BRDA:499,26,0,0
BRDA:499,26,1,0
BRDA:516,27,0,0
BRDA:530,28,0,0
BRDA:530,29,0,0
BRDA:530,29,1,0
BRDA:545,30,0,0
BRDA:547,31,0,0
BRDA:560,32,0,0
BRDA:560,32,1,0
BRDA:560,33,0,0
BRDA:560,33,1,0
BRDA:606,34,0,0
BRDA:606,34,1,0
BRDA:611,35,0,0
BRDA:611,35,1,0
BRDA:615,36,0,0
BRDA:615,36,1,0
BRDA:619,37,0,0
BRDA:619,37,1,0
BRF:62
BRH:0
end_of_record
TN:
SF:src/app/api/debug/route.ts
FN:7,(anonymous_1)
FNF:1
FNH:0
FNDA:0,(anonymous_1)
DA:1,0
DA:2,0
DA:3,0
DA:6,0
DA:9,0
DA:10,0
DA:17,0
DA:18,0
DA:24,0
LF:9
LH:0
BRDA:9,0,0,0
BRDA:17,1,0,0
BRDA:17,2,0,0
BRDA:17,2,1,0
BRDA:29,3,0,0
BRDA:29,3,1,0
BRF:6
BRH:0
end_of_record
TN:
SF:src/app/api/debug/projects/route.ts
FN:8,(anonymous_1)
FNF:1
FNH:0
FNDA:0,(anonymous_1)
DA:1,0
DA:2,0
DA:3,0
DA:4,0
DA:7,0
DA:10,0
DA:11,0
DA:18,0
DA:19,0
DA:24,0
DA:26,0
DA:27,0
DA:30,0
DA:43,0
DA:69,0
DA:91,0
DA:92,0
LF:17
LH:0
BRDA:10,0,0,0
BRDA:18,1,0,0
BRDA:18,2,0,0
BRDA:18,2,1,0
BRF:4
BRH:0
end_of_record
TN:
SF:src/app/api/deployments/route.ts
FN:12,(anonymous_3)
FN:41,(anonymous_4)
FNF:2
FNH:0
FNDA:0,(anonymous_3)
FNDA:0,(anonymous_4)
DA:1,0
DA:2,0
DA:3,0
DA:4,0
DA:8,0
DA:11,0
DA:13,0
DA:14,0
DA:15,0
DA:16,0
DA:17,0
DA:18,0
DA:20,0
DA:27,0
DA:29,0
DA:30,0
DA:40,0
DA:42,0
DA:43,0
DA:54,0
DA:56,0
DA:57,0
DA:63,0
DA:75,0
DA:77,0
DA:78,0
LF:26
LH:0
BRDA:21,0,0,0
BRDA:21,0,1,0
BRDA:22,1,0,0
BRDA:22,1,1,0
BRDA:23,2,0,0
BRDA:23,2,1,0
BRDA:24,3,0,0
BRDA:24,3,1,0
BRDA:56,4,0,0
BRDA:56,5,0,0
BRDA:56,5,1,0
BRF:11
BRH:0
end_of_record
TN:
SF:src/app/api/deployments/[id]/route.ts
FN:11,(anonymous_7)
FN:36,(anonymous_8)
FN:67,(anonymous_9)
FN:69,(anonymous_10)
FNF:4
FNH:0
FNDA:0,(anonymous_7)
FNDA:0,(anonymous_8)
FNDA:0,(anonymous_9)
FNDA:0,(anonymous_10)
DA:1,0
DA:2,0
DA:3,0
DA:4,0
DA:7,0
DA:10,0
DA:12,0
DA:13,0
DA:15,0
DA:16,0
DA:22,0
DA:24,0
DA:25,0
DA:35,0
DA:37,0
DA:38,0
DA:39,0
DA:41,0
DA:48,0
DA:50,0
DA:55,0
DA:56,0
DA:66,0
DA:68,0
DA:69,0
DA:72,0
DA:77,0
DA:79,0
DA:80,0
LF:29
LH:0
BRDA:15,0,0,0
BRF:1
BRH:0
end_of_record
TN:
SF:src/app/api/deployments/[id]/env/route.ts
FN:11,(anonymous_3)
FN:16,(anonymous_4)
FN:40,(anonymous_5)
FNF:3
FNH:0
FNDA:0,(anonymous_3)
FNDA:0,(anonymous_4)
FNDA:0,(anonymous_5)
DA:1,0
DA:2,0
DA:3,0
DA:4,0
DA:7,0
DA:10,0
DA:12,0
DA:13,0
DA:16,0
DA:17,0
DA:22,0
DA:23,0
DA:26,0
DA:28,0
DA:29,0
DA:39,0
DA:41,0
DA:42,0
DA:43,0
DA:45,0
DA:46,0
DA:52,0
DA:54,0
DA:56,0
DA:57,0
LF:25
LH:0
BRDA:17,0,0,0
BRDA:17,0,1,0
BRDA:17,0,2,0
BRDA:17,0,3,0
BRDA:22,1,0,0
BRDA:22,1,1,0
BRDA:45,2,0,0
BRDA:45,3,0,0
BRDA:45,3,1,0
BRF:9
BRH:0
end_of_record
TN:
SF:src/app/api/deployments/[id]/metrics/route.ts
FN:11,(anonymous_1)
FNF:1
FNH:0
FNDA:0,(anonymous_1)
DA:1,0
DA:2,0
DA:3,0
DA:4,0
DA:7,0
DA:10,0
DA:12,0
DA:13,0
DA:15,0
DA:16,0
DA:22,0
DA:24,0
DA:25,0
LF:13
LH:0
BRDA:15,0,0,0
BRF:1
BRH:0
end_of_record
TN:
SF:src/app/api/deployments/events/route.ts
FN:9,GET
FN:25,(anonymous_2)
FN:156,(anonymous_3)
FNF:3
FNH:0
FNDA:0,GET
FNDA:0,(anonymous_2)
FNDA:0,(anonymous_3)
DA:2,0
DA:3,0
DA:6,0
DA:9,0
DA:10,0
DA:13,0
DA:14,0
DA:15,0
DA:18,0
DA:19,0
DA:22,0
DA:25,0
DA:26,0
DA:29,0
DA:31,0
DA:44,0
DA:45,0
DA:47,0
DA:49,0
DA:66,0
DA:82,0
DA:83,0
DA:101,0
DA:107,0
DA:127,0
DA:128,0
DA:142,0
DA:148,0
DA:151,0
DA:156,0
DA:157,0
DA:158,0
DA:161,0
LF:33
LH:0
BRDA:29,0,0,0
BRDA:29,0,1,0
BRDA:44,1,0,0
BRDA:47,2,0,0
BRDA:47,2,1,0
BRDA:82,3,0,0
BRDA:82,3,1,0
BRDA:95,4,0,0
BRDA:95,4,1,0
BRF:9
BRH:0
end_of_record
TN:
SF:src/app/api/deployments/platforms/route.ts
FN:12,(anonymous_6)
FN:37,(anonymous_7)
FN:58,(anonymous_8)
FNF:3
FNH:0
FNDA:0,(anonymous_6)
FNDA:0,(anonymous_7)
FNDA:0,(anonymous_8)
DA:1,0
DA:2,0
DA:3,0
DA:4,0
DA:8,0
DA:11,0
DA:13,0
DA:14,0
DA:15,0
DA:17,0
DA:18,0
DA:19,0
DA:21,0
DA:22,0
DA:25,0
DA:26,0
DA:36,0
DA:38,0
DA:39,0
DA:49,0
DA:51,0
DA:52,0
DA:58,0
DA:61,0
DA:89,0
DA:91,0
DA:96,0
DA:97,0
LF:28
LH:0
BRDA:17,0,0,0
BRDA:17,0,1,0
BRDA:51,1,0,0
BRDA:64,2,0,0
BRDA:64,2,1,0
BRF:5
BRH:0
end_of_record
TN:
SF:src/app/api/deployments/stats/route.ts
FN:11,(anonymous_1)
FNF:1
FNH:0
FNDA:0,(anonymous_1)
DA:1,0
DA:2,0
DA:3,0
DA:4,0
DA:7,0
DA:10,0
DA:12,0
DA:13,0
DA:15,0
DA:17,0
DA:18,0
LF:11
LH:0
BRF:0
BRH:0
end_of_record
TN:
SF:src/app/api/export/route.ts
FN:21,prepareProjectData
FN:22,(anonymous_7)
FN:39,generateFilename
FN:45,(anonymous_9)
FN:191,(anonymous_10)
FN:249,(anonymous_11)
FN:282,(anonymous_12)
FNF:7
FNH:0
FNDA:0,prepareProjectData
FNDA:0,(anonymous_7)
FNDA:0,generateFilename
FNDA:0,(anonymous_9)
FNDA:0,(anonymous_10)
FNDA:0,(anonymous_11)
FNDA:0,(anonymous_12)
DA:1,0
DA:2,0
DA:3,0
DA:4,0
DA:5,0
DA:6,0
DA:7,0
DA:8,0
DA:9,0
DA:10,0
DA:11,0
DA:22,0
DA:40,0
DA:41,0
DA:44,0
DA:46,0
DA:48,0
DA:50,0
DA:51,0
DA:57,0
DA:60,0
DA:62,0
DA:63,0
DA:64,0
DA:66,0
DA:67,0
DA:68,0
DA:69,0
DA:70,0
DA:72,0
DA:73,0
DA:74,0
DA:75,0
DA:77,0
DA:78,0
DA:83,0
DA:88,0
DA:89,0
DA:96,0
DA:97,0
DA:108,0
DA:109,0
DA:111,0
DA:113,0
DA:130,0
DA:132,0
DA:141,0
DA:150,0
DA:151,0
DA:152,0
DA:154,0
DA:156,0
DA:165,0
DA:191,0
DA:225,0
DA:227,0
DA:236,0
DA:239,0
DA:240,0
DA:241,0
DA:242,0
DA:243,0
DA:244,0
DA:247,0
DA:249,0
DA:253,0
DA:255,0
DA:264,0
DA:271,0
DA:272,0
DA:281,0
DA:283,0
DA:286,0
DA:289,0
DA:290,0
DA:291,0
DA:306,0
DA:314,0
DA:315,0
LF:79
LH:0
BRDA:50,0,0,0
BRDA:57,1,0,0
BRDA:62,2,0,0
BRDA:62,2,1,0
BRDA:62,3,0,0
BRDA:62,3,1,0
BRDA:64,4,0,0
BRDA:66,5,0,0
BRDA:67,6,0,0
BRDA:67,7,0,0
BRDA:67,7,1,0
BRDA:69,8,0,0
BRDA:70,9,0,0
BRDA:72,10,0,0
BRDA:72,11,0,0
BRDA:72,11,1,0
BRDA:74,12,0,0
BRDA:75,13,0,0
BRDA:77,14,0,0
BRDA:77,15,0,0
BRDA:77,15,1,0
BRDA:88,16,0,0
BRDA:96,17,0,0
BRDA:111,18,0,0
BRDA:111,18,1,0
BRDA:111,18,2,0
BRDA:111,18,3,0
BRDA:111,18,4,0
BRDA:111,18,5,0
BRDA:184,19,0,0
BRDA:184,19,1,0
BRDA:244,20,0,0
BRDA:244,20,1,0
BRDA:290,21,0,0
BRF:34
BRH:0
end_of_record
TN:
SF:src/app/api/health/route.ts
FN:4,GET
FN:38,(anonymous_4)
FN:51,HEAD
FNF:3
FNH:3
FNDA:3,GET
FNDA:7,(anonymous_4)
FNDA:1,HEAD
DA:1,1
DA:2,1
DA:4,3
DA:5,3
DA:18,3
DA:19,3
DA:20,3
DA:21,2
DA:23,2
DA:29,1
DA:30,1
DA:38,7
DA:39,3
DA:41,3
DA:51,1
DA:52,1
LF:16
LH:16
BRDA:8,0,0,3
BRDA:8,0,1,0
BRDA:9,1,0,3
BRDA:9,1,1,0
BRDA:32,2,0,1
BRDA:32,2,1,0
BRDA:39,3,0,2
BRDA:39,3,1,1
BRDA:42,4,0,2
BRDA:42,4,1,1
BRF:10
BRH:7
end_of_record
TN:
SF:src/app/api/insights/route.ts
FN:74,(anonymous_1)
FN:111,(anonymous_2)
FN:156,getFallbackInsightsReport
FN:203,generateRealInsightsReport
FN:231,(anonymous_5)
FN:308,(anonymous_6)
FN:313,(anonymous_7)
FN:322,(anonymous_8)
FN:340,(anonymous_9)
FN:347,(anonymous_10)
FN:369,(anonymous_11)
FN:372,(anonymous_12)
FN:375,(anonymous_13)
FN:387,(anonymous_14)
FN:411,(anonymous_15)
FN:429,(anonymous_16)
FN:430,(anonymous_17)
FN:431,(anonymous_18)
FN:432,(anonymous_19)
FN:433,(anonymous_20)
FN:437,(anonymous_21)
FN:439,(anonymous_22)
FN:445,(anonymous_23)
FN:446,(anonymous_24)
FN:448,(anonymous_25)
FN:454,(anonymous_26)
FN:456,(anonymous_27)
FNF:27
FNH:0
FNDA:0,(anonymous_1)
FNDA:0,(anonymous_2)
FNDA:0,getFallbackInsightsReport
FNDA:0,generateRealInsightsReport
FNDA:0,(anonymous_5)
FNDA:0,(anonymous_6)
FNDA:0,(anonymous_7)
FNDA:0,(anonymous_8)
FNDA:0,(anonymous_9)
FNDA:0,(anonymous_10)
FNDA:0,(anonymous_11)
FNDA:0,(anonymous_12)
FNDA:0,(anonymous_13)
FNDA:0,(anonymous_14)
FNDA:0,(anonymous_15)
FNDA:0,(anonymous_16)
FNDA:0,(anonymous_17)
FNDA:0,(anonymous_18)
FNDA:0,(anonymous_19)
FNDA:0,(anonymous_20)
FNDA:0,(anonymous_21)
FNDA:0,(anonymous_22)
FNDA:0,(anonymous_23)
FNDA:0,(anonymous_24)
FNDA:0,(anonymous_25)
FNDA:0,(anonymous_26)
FNDA:0,(anonymous_27)
DA:1,0
DA:2,0
DA:3,0
DA:4,0
DA:5,0
DA:6,0
DA:73,0
DA:75,0
DA:76,0
DA:77,0
DA:78,0
DA:79,0
DA:84,0
DA:85,0
DA:87,0
DA:88,0
DA:97,0
DA:98,0
DA:103,0
DA:106,0
DA:110,0
DA:111,0
DA:112,0
DA:114,0
DA:115,0
DA:128,0
DA:134,0
DA:136,0
DA:139,0
DA:140,0
DA:142,0
DA:157,0
DA:172,0
DA:181,0
DA:205,0
DA:206,0
DA:209,0
DA:212,0
DA:215,0
DA:216,0
DA:217,0
DA:218,0
DA:219,0
DA:223,0
DA:231,0
DA:251,0
DA:252,0
DA:253,0
DA:256,0
DA:282,0
DA:283,0
DA:286,0
DA:306,0
DA:307,0
DA:308,0
DA:310,0
DA:313,0
DA:322,0
DA:337,0
DA:338,0
DA:340,0
DA:344,0
DA:347,0
DA:367,0
DA:368,0
DA:369,0
DA:371,0
DA:372,0
DA:374,0
DA:375,0
DA:379,0
DA:382,0
DA:383,0
DA:387,0
DA:401,0
DA:402,0
DA:403,0
DA:404,0
DA:405,0
DA:407,0
DA:411,0
DA:421,0
DA:429,0
DA:430,0
DA:431,0
DA:432,0
DA:433,0
DA:437,0
DA:439,0
DA:445,0
DA:446,0
DA:448,0
DA:454,0
DA:456,0
LF:94
LH:0
BRDA:77,0,0,0
BRDA:77,0,1,0
BRDA:78,1,0,0
BRDA:78,1,1,0
BRDA:79,2,0,0
BRDA:79,2,1,0
BRDA:139,3,0,0
BRDA:139,3,1,0
BRDA:140,4,0,0
BRDA:140,4,1,0
BRDA:146,5,0,0
BRDA:146,5,1,0
BRDA:205,6,0,0
BRDA:205,7,0,0
BRDA:205,7,1,0
BRDA:215,8,0,0
BRDA:215,9,0,0
BRDA:215,9,1,0
BRDA:217,10,0,0
BRDA:217,10,1,0
BRDA:218,11,0,0
BRDA:218,11,1,0
BRDA:219,12,0,0
BRDA:219,12,1,0
BRDA:236,13,0,0
BRDA:236,13,1,0
BRDA:237,14,0,0
BRDA:237,14,1,0
BRDA:238,15,0,0
BRDA:238,15,1,0
BRDA:251,16,0,0
BRDA:251,16,1,0
BRDA:252,17,0,0
BRDA:252,17,1,0
BRDA:253,18,0,0
BRDA:253,18,1,0
BRDA:266,19,0,0
BRDA:266,19,1,0
BRDA:267,20,0,0
BRDA:267,20,1,0
BRDA:268,21,0,0
BRDA:268,21,1,0
BRDA:269,22,0,0
BRDA:269,22,1,0
BRDA:270,23,0,0
BRDA:270,23,1,0
BRDA:282,24,0,0
BRDA:282,24,1,0
BRDA:295,25,0,0
BRDA:295,25,1,0
BRDA:306,26,0,0
BRDA:306,26,1,0
BRDA:307,27,0,0
BRDA:307,27,1,0
BRDA:308,28,0,0
BRDA:308,28,1,0
BRDA:324,29,0,0
BRDA:324,29,1,0
BRDA:337,30,0,0
BRDA:337,30,1,0
BRDA:338,31,0,0
BRDA:338,31,1,0
BRDA:368,32,0,0
BRDA:368,33,0,0
BRDA:368,33,1,0
BRDA:371,34,0,0
BRDA:371,35,0,0
BRDA:371,35,1,0
BRDA:374,36,0,0
BRDA:374,37,0,0
BRDA:374,37,1,0
BRDA:382,38,0,0
BRDA:382,38,1,0
BRDA:382,39,0,0
BRDA:382,39,1,0
BRDA:382,40,0,0
BRDA:382,40,1,0
BRDA:387,41,0,0
BRDA:387,41,1,0
BRDA:390,42,0,0
BRDA:390,42,1,0
BRDA:391,43,0,0
BRDA:391,43,1,0
BRDA:394,44,0,0
BRDA:394,44,1,0
BRDA:402,45,0,0
BRDA:404,46,0,0
BRDA:404,46,1,0
BRDA:404,47,0,0
BRDA:404,47,1,0
BRDA:405,48,0,0
BRDA:405,48,1,0
BRDA:410,49,0,0
BRDA:410,49,1,0
BRDA:410,50,0,0
BRDA:410,50,1,0
BRDA:413,51,0,0
BRDA:413,51,1,0
BRDA:414,52,0,0
BRDA:414,52,1,0
BRDA:415,53,0,0
BRDA:415,53,1,0
BRDA:425,54,0,0
BRDA:425,54,1,0
BRDA:436,55,0,0
BRDA:436,55,1,0
BRDA:437,56,0,0
BRDA:437,56,1,0
BRDA:437,57,0,0
BRDA:437,57,1,0
BRDA:441,58,0,0
BRDA:441,58,1,0
BRDA:441,59,0,0
BRDA:441,59,1,0
BRDA:442,60,0,0
BRDA:442,60,1,0
BRDA:444,61,0,0
BRDA:444,61,1,0
BRDA:453,62,0,0
BRDA:453,62,1,0
BRDA:454,63,0,0
BRDA:454,63,1,0
BRDA:454,64,0,0
BRDA:454,64,1,0
BRDA:454,65,0,0
BRDA:454,65,1,0
BRDA:454,66,0,0
BRDA:454,66,1,0
BRDA:458,67,0,0
BRDA:458,67,1,0
BRDA:458,68,0,0
BRDA:458,68,1,0
BRF:132
BRH:0
end_of_record
TN:
SF:src/app/api/profile/route.ts
FN:5,GET
FN:87,PUT
FNF:2
FNH:0
FNDA:0,GET
FNDA:0,PUT
DA:1,0
DA:2,0
DA:3,0
DA:5,0
DA:6,0
DA:7,0
DA:9,0
DA:10,0
DA:17,0
DA:29,0
DA:30,0
DA:37,0
DA:53,0
DA:65,0
DA:79,0
DA:80,0
DA:87,0
DA:88,0
DA:89,0
DA:91,0
DA:92,0
DA:98,0
DA:99,0
DA:101,0
DA:102,0
DA:109,0
DA:125,0
DA:133,0
DA:138,0
DA:139,0
LF:30
LH:0
BRDA:9,0,0,0
BRDA:29,1,0,0
BRDA:91,2,0,0
BRDA:101,3,0,0
BRDA:101,4,0,0
BRDA:101,4,1,0
BRF:6
BRH:0
end_of_record
TN:
SF:src/app/api/project-builder/generate/route.ts
FN:10,POST
FN:25,(anonymous_3)
FN:25,(anonymous_4)
FN:414,(anonymous_5)
FN:422,(anonymous_6)
FN:430,(anonymous_7)
FN:478,(anonymous_8)
FN:511,calculateDevelopmentTime
FN:513,(anonymous_10)
FN:514,(anonymous_11)
FN:523,adjustColor
FN:532,generateReadme
FN:539,(anonymous_14)
FN:539,(anonymous_15)
FN:595,generateWebpackConfig
FNF:15
FNH:0
FNDA:0,POST
FNDA:0,(anonymous_3)
FNDA:0,(anonymous_4)
FNDA:0,(anonymous_5)
FNDA:0,(anonymous_6)
FNDA:0,(anonymous_7)
FNDA:0,(anonymous_8)
FNDA:0,calculateDevelopmentTime
FNDA:0,(anonymous_10)
FNDA:0,(anonymous_11)
FNDA:0,adjustColor
FNDA:0,generateReadme
FNDA:0,(anonymous_14)
FNDA:0,(anonymous_15)
FNDA:0,generateWebpackConfig
DA:1,0
DA:2,0
DA:3,0
DA:4,0
DA:5,0
DA:6,0
DA:8,0
DA:10,0
DA:11,0
DA:12,0
DA:15,0
DA:25,0
DA:35,0
DA:38,0
DA:41,0
DA:71,0
DA:74,0
DA:91,0
DA:92,0
DA:95,0
DA:98,0
DA:101,0
DA:150,0
DA:187,0
DA:299,0
DA:361,0
DA:412,0
DA:413,0
DA:414,0
DA:415,0
DA:420,0
DA:421,0
DA:422,0
DA:423,0
DA:428,0
DA:429,0
DA:430,0
DA:431,0
DA:436,0
DA:437,0
DA:440,0
DA:452,0
DA:473,0
DA:476,0
DA:477,0
DA:478,0
DA:480,0
DA:486,0
DA:490,0
DA:492,0
DA:503,0
DA:504,0
DA:512,0
DA:513,0
DA:514,0
DA:516,0
DA:517,0
DA:518,0
DA:519,0
DA:520,0
DA:524,0
DA:525,0
DA:526,0
DA:527,0
DA:528,0
DA:529,0
DA:533,0
DA:539,0
DA:596,0
LF:69
LH:0
BRDA:27,0,0,0
BRDA:27,0,1,0
BRDA:27,1,0,0
BRDA:27,1,1,0
BRDA:27,2,0,0
BRDA:27,2,1,0
BRDA:91,3,0,0
BRDA:208,4,0,0
BRDA:208,4,1,0
BRDA:254,5,0,0
BRDA:254,5,1,0
BRDA:259,6,0,0
BRDA:259,6,1,0
BRDA:376,7,0,0
BRDA:376,7,1,0
BRDA:412,8,0,0
BRDA:420,9,0,0
BRDA:428,10,0,0
BRDA:481,11,0,0
BRDA:481,11,1,0
BRDA:516,12,0,0
BRDA:517,13,0,0
BRDA:518,14,0,0
BRDA:519,15,0,0
BRF:24
BRH:0
end_of_record
TN:
SF:src/app/api/projects/route.ts
FN:11,(anonymous_3)
FN:107,(anonymous_4)
FN:115,(anonymous_5)
FN:126,(anonymous_6)
FN:127,(anonymous_7)
FN:142,(anonymous_8)
FN:143,(anonymous_9)
FN:148,(anonymous_10)
FN:154,(anonymous_11)
FN:158,(anonymous_12)
FN:173,(anonymous_13)
FN:222,(anonymous_14)
FNF:12
FNH:0
FNDA:0,(anonymous_3)
FNDA:0,(anonymous_4)
FNDA:0,(anonymous_5)
FNDA:0,(anonymous_6)
FNDA:0,(anonymous_7)
FNDA:0,(anonymous_8)
FNDA:0,(anonymous_9)
FNDA:0,(anonymous_10)
FNDA:0,(anonymous_11)
FNDA:0,(anonymous_12)
FNDA:0,(anonymous_13)
FNDA:0,(anonymous_14)
DA:1,0
DA:2,0
DA:3,0
DA:4,0
DA:5,0
DA:7,0
DA:8,0
DA:10,0
DA:12,0
DA:13,0
DA:16,0
DA:17,0
DA:19,0
DA:20,0
DA:26,0
DA:27,0
DA:33,0
DA:34,0
DA:37,0
DA:38,0
DA:39,0
DA:40,0
DA:44,0
DA:46,0
DA:47,0
DA:50,0
DA:51,0
DA:59,0
DA:60,0
DA:62,0
DA:64,0
DA:65,0
DA:67,0
DA:68,0
DA:72,0
DA:73,0
DA:74,0
DA:76,0
DA:80,0
DA:107,0
DA:116,0
DA:117,0
DA:119,0
DA:126,0
DA:128,0
DA:129,0
DA:131,0
DA:133,0
DA:134,0
DA:135,0
DA:136,0
DA:138,0
DA:139,0
DA:140,0
DA:142,0
DA:143,0
DA:145,0
DA:148,0
DA:154,0
DA:156,0
DA:158,0
DA:172,0
DA:173,0
DA:174,0
DA:175,0
DA:176,0
DA:177,0
DA:181,0
DA:182,0
DA:183,0
DA:187,0
DA:188,0
DA:190,0
DA:204,0
DA:206,0
DA:208,0
DA:212,0
DA:221,0
DA:223,0
DA:225,0
DA:227,0
DA:228,0
DA:234,0
DA:257,0
DA:258,0
DA:260,0
DA:262,0
DA:266,0
LF:88
LH:0
BRDA:19,0,0,0
BRDA:26,1,0,0
BRDA:39,2,0,0
BRDA:46,3,0,0
BRDA:46,4,0,0
BRDA:46,4,1,0
BRDA:50,5,0,0
BRDA:62,6,0,0
BRDA:62,6,1,0
BRDA:62,6,2,0
BRDA:62,6,3,0
BRDA:84,7,0,0
BRDA:84,7,1,0
BRDA:85,8,0,0
BRDA:85,8,1,0
BRDA:113,9,0,0
BRDA:113,9,1,0
BRDA:114,10,0,0
BRDA:114,10,1,0
BRDA:117,11,0,0
BRDA:117,11,1,0
BRDA:122,12,0,0
BRDA:122,12,1,0
BRDA:123,13,0,0
BRDA:123,13,1,0
BRDA:124,14,0,0
BRDA:124,14,1,0
BRDA:125,15,0,0
BRDA:125,15,1,0
BRDA:126,16,0,0
BRDA:126,16,1,0
BRDA:128,17,0,0
BRDA:131,18,0,0
BRDA:131,19,0,0
BRDA:131,19,1,0
BRDA:134,20,0,0
BRDA:166,21,0,0
BRDA:166,21,1,0
BRDA:167,22,0,0
BRDA:167,22,1,0
BRDA:168,23,0,0
BRDA:168,23,1,0
BRDA:172,24,0,0
BRDA:172,25,0,0
BRDA:172,25,1,0
BRDA:174,26,0,0
BRDA:174,26,1,0
BRDA:175,27,0,0
BRDA:175,27,1,0
BRDA:176,28,0,0
BRDA:176,28,1,0
BRDA:227,29,0,0
BRDA:242,30,0,0
BRDA:242,30,1,0
BRDA:247,31,0,0
BRDA:247,31,1,0
BRDA:248,32,0,0
BRDA:248,32,1,0
BRF:58
BRH:0
end_of_record
TN:
SF:src/app/api/projects/[id]/route.ts
FN:9,(anonymous_5)
FN:87,(anonymous_6)
FN:100,(anonymous_7)
FN:105,(anonymous_8)
FN:110,(anonymous_9)
FN:115,(anonymous_10)
FN:157,(anonymous_11)
FN:244,(anonymous_12)
FN:319,(anonymous_13)
FNF:9
FNH:0
FNDA:0,(anonymous_5)
FNDA:0,(anonymous_6)
FNDA:0,(anonymous_7)
FNDA:0,(anonymous_8)
FNDA:0,(anonymous_9)
FNDA:0,(anonymous_10)
FNDA:0,(anonymous_11)
FNDA:0,(anonymous_12)
FNDA:0,(anonymous_13)
DA:1,0
DA:2,0
DA:3,0
DA:4,0
DA:5,0
DA:8,0
DA:10,0
DA:11,0
DA:12,0
DA:14,0
DA:15,0
DA:21,0
DA:71,0
DA:72,0
DA:79,0
DA:88,0
DA:89,0
DA:90,0
DA:91,0
DA:93,0
DA:101,0
DA:102,0
DA:103,0
DA:104,0
DA:105,0
DA:107,0
DA:111,0
DA:112,0
DA:113,0
DA:114,0
DA:115,0
DA:117,0
DA:144,0
DA:146,0
DA:147,0
DA:156,0
DA:158,0
DA:159,0
DA:160,0
DA:162,0
DA:163,0
DA:170,0
DA:172,0
DA:173,0
DA:180,0
DA:185,0
DA:186,0
DA:193,0
DA:194,0
DA:200,0
DA:222,0
DA:231,0
DA:233,0
DA:234,0
DA:243,0
DA:245,0
DA:246,0
DA:247,0
DA:249,0
DA:250,0
DA:256,0
DA:259,0
DA:264,0
DA:265,0
DA:272,0
DA:276,0
DA:277,0
DA:278,0
DA:279,0
DA:280,0
DA:281,0
DA:282,0
DA:283,0
DA:285,0
DA:306,0
DA:308,0
DA:309,0
DA:318,0
DA:320,0
DA:321,0
DA:322,0
DA:324,0
DA:325,0
DA:332,0
DA:337,0
DA:338,0
DA:345,0
DA:346,0
DA:353,0
DA:362,0
DA:366,0
DA:368,0
DA:369,0
LF:93
LH:0
BRDA:14,0,0,0
BRDA:71,1,0,0
BRDA:89,2,0,0
BRDA:90,3,0,0
BRDA:102,4,0,0
BRDA:103,5,0,0
BRDA:104,6,0,0
BRDA:112,7,0,0
BRDA:113,8,0,0
BRDA:114,9,0,0
BRDA:128,10,0,0
BRDA:128,10,1,0
BRDA:129,11,0,0
BRDA:129,11,1,0
BRDA:130,12,0,0
BRDA:130,12,1,0
BRDA:131,13,0,0
BRDA:131,13,1,0
BRDA:132,14,0,0
BRDA:132,14,1,0
BRDA:133,15,0,0
BRDA:133,15,1,0
BRDA:134,16,0,0
BRDA:134,16,1,0
BRDA:135,17,0,0
BRDA:135,17,1,0
BRDA:136,18,0,0
BRDA:136,18,1,0
BRDA:137,19,0,0
BRDA:137,19,1,0
BRDA:138,20,0,0
BRDA:138,20,1,0
BRDA:139,21,0,0
BRDA:139,21,1,0
BRDA:162,22,0,0
BRDA:172,23,0,0
BRDA:185,24,0,0
BRDA:193,25,0,0
BRDA:193,26,0,0
BRDA:193,26,1,0
BRDA:209,27,0,0
BRDA:209,27,1,0
BRDA:214,28,0,0
BRDA:214,28,1,0
BRDA:215,29,0,0
BRDA:215,29,1,0
BRDA:249,30,0,0
BRDA:264,31,0,0
BRDA:276,32,0,0
BRDA:277,33,0,0
BRDA:278,34,0,0
BRDA:279,35,0,0
BRDA:280,36,0,0
BRDA:281,37,0,0
BRDA:282,38,0,0
BRDA:283,39,0,0
BRDA:324,40,0,0
BRDA:337,41,0,0
BRDA:345,42,0,0
BRDA:345,43,0,0
BRDA:345,43,1,0
BRF:61
BRH:0
end_of_record
TN:
SF:src/app/api/projects/[id]/enhance/route.ts
FN:9,POST
FN:149,GET
FNF:2
FNH:0
FNDA:0,POST
FNDA:0,GET
DA:1,0
DA:2,0
DA:7,0
DA:9,0
DA:13,0
DA:17,0
DA:20,0
DA:24,0
DA:25,0
DA:32,0
DA:56,0
DA:59,0
DA:61,0
DA:62,0
DA:63,0
DA:64,0
DA:65,0
DA:66,0
DA:67,0
DA:68,0
DA:70,0
DA:72,0
DA:94,0
DA:137,0
DA:140,0
DA:141,0
DA:149,0
DA:153,0
DA:154,0
DA:157,0
DA:158,0
DA:174,0
DA:178,0
DA:179,0
DA:186,0
DA:210,0
DA:212,0
DA:218,0
DA:219,0
LF:39
LH:0
BRDA:24,0,0,0
BRDA:38,1,0,0
BRDA:38,1,1,0
BRDA:39,2,0,0
BRDA:39,2,1,0
BRDA:40,3,0,0
BRDA:40,3,1,0
BRDA:43,4,0,0
BRDA:43,4,1,0
BRDA:44,5,0,0
BRDA:44,5,1,0
BRDA:45,6,0,0
BRDA:45,6,1,0
BRDA:46,7,0,0
BRDA:46,7,1,0
BRDA:47,8,0,0
BRDA:47,8,1,0
BRDA:49,9,0,0
BRDA:49,9,1,0
BRDA:50,10,0,0
BRDA:50,10,1,0
BRDA:52,11,0,0
BRDA:52,11,1,0
BRDA:61,12,0,0
BRDA:62,13,0,0
BRDA:63,14,0,0
BRDA:64,15,0,0
BRDA:65,16,0,0
BRDA:66,17,0,0
BRDA:67,18,0,0
BRDA:68,19,0,0
BRDA:102,20,0,0
BRDA:102,20,1,0
BRDA:109,21,0,0
BRDA:109,21,1,0
BRDA:112,22,0,0
BRDA:112,22,1,0
BRDA:130,23,0,0
BRDA:130,23,1,0
BRDA:165,24,0,0
BRDA:165,24,1,0
BRDA:166,25,0,0
BRDA:166,25,1,0
BRDA:167,26,0,0
BRDA:167,26,1,0
BRDA:168,27,0,0
BRDA:168,27,1,0
BRDA:169,28,0,0
BRDA:169,28,1,0
BRDA:170,29,0,0
BRDA:170,29,1,0
BRDA:178,30,0,0
BRDA:192,31,0,0
BRDA:192,31,1,0
BRDA:193,32,0,0
BRDA:193,32,1,0
BRDA:194,33,0,0
BRDA:194,33,1,0
BRDA:197,34,0,0
BRDA:197,34,1,0
BRDA:198,35,0,0
BRDA:198,35,1,0
BRDA:199,36,0,0
BRDA:199,36,1,0
BRDA:200,37,0,0
BRDA:200,37,1,0
BRDA:201,38,0,0
BRDA:201,38,1,0
BRDA:203,39,0,0
BRDA:203,39,1,0
BRDA:204,40,0,0
BRDA:204,40,1,0
BRDA:206,41,0,0
BRDA:206,41,1,0
BRF:74
BRH:0
end_of_record
TN:
SF:src/app/api/qa/route.ts
FN:56,GET
FN:83,(anonymous_2)
FN:109,(anonymous_3)
FN:110,(anonymous_4)
FN:124,generateQAReport
FN:138,(anonymous_6)
FN:147,(anonymous_7)
FN:237,(anonymous_8)
FN:244,(anonymous_9)
FN:273,(anonymous_10)
FN:277,(anonymous_11)
FN:286,(anonymous_12)
FN:299,(anonymous_13)
FN:300,(anonymous_14)
FN:303,(anonymous_15)
FN:305,(anonymous_16)
FN:316,(anonymous_17)
FN:319,(anonymous_18)
FN:327,(anonymous_19)
FN:327,(anonymous_20)
FN:330,(anonymous_21)
FN:337,generateRecommendations
FN:341,(anonymous_23)
FNF:23
FNH:0
FNDA:0,GET
FNDA:0,(anonymous_2)
FNDA:0,(anonymous_3)
FNDA:0,(anonymous_4)
FNDA:0,generateQAReport
FNDA:0,(anonymous_6)
FNDA:0,(anonymous_7)
FNDA:0,(anonymous_8)
FNDA:0,(anonymous_9)
FNDA:0,(anonymous_10)
FNDA:0,(anonymous_11)
FNDA:0,(anonymous_12)
FNDA:0,(anonymous_13)
FNDA:0,(anonymous_14)
FNDA:0,(anonymous_15)
FNDA:0,(anonymous_16)
FNDA:0,(anonymous_17)
FNDA:0,(anonymous_18)
FNDA:0,(anonymous_19)
FNDA:0,(anonymous_20)
FNDA:0,(anonymous_21)
FNDA:0,generateRecommendations
FNDA:0,(anonymous_23)
DA:1,0
DA:2,0
DA:56,0
DA:57,0
DA:58,0
DA:59,0
DA:60,0
DA:61,0
DA:64,0
DA:65,0
DA:66,0
DA:70,0
DA:83,0
DA:105,0
DA:108,0
DA:109,0
DA:110,0
DA:114,0
DA:116,0
DA:117,0
DA:125,0
DA:126,0
DA:127,0
DA:128,0
DA:134,0
DA:135,0
DA:138,0
DA:139,0
DA:140,0
DA:143,0
DA:147,0
DA:148,0
DA:149,0
DA:159,0
DA:160,0
DA:162,0
DA:163,0
DA:165,0
DA:170,0
DA:171,0
DA:172,0
DA:181,0
DA:182,0
DA:191,0
DA:199,0
DA:200,0
DA:201,0
DA:212,0
DA:213,0
DA:214,0
DA:215,0
DA:226,0
DA:227,0
DA:237,0
DA:238,0
DA:239,0
DA:240,0
DA:244,0
DA:245,0
DA:247,0
DA:249,0
DA:260,0
DA:263,0
DA:264,0
DA:265,0
DA:271,0
DA:272,0
DA:273,0
DA:277,0
DA:278,0
DA:279,0
DA:285,0
DA:286,0
DA:287,0
DA:288,0
DA:289,0
DA:299,0
DA:300,0
DA:303,0
DA:304,0
DA:306,0
DA:307,0
DA:311,0
DA:316,0
DA:319,0
DA:327,0
DA:330,0
DA:338,0
DA:341,0
DA:342,0
DA:345,0
DA:346,0
DA:349,0
DA:350,0
DA:353,0
DA:354,0
DA:357,0
DA:358,0
DA:361,0
LF:99
LH:0
BRDA:65,0,0,0
BRDA:65,1,0,0
BRDA:65,1,1,0
BRDA:91,2,0,0
BRDA:91,2,1,0
BRDA:96,3,0,0
BRDA:96,3,1,0
BRDA:97,4,0,0
BRDA:97,4,1,0
BRDA:108,5,0,0
BRDA:108,6,0,0
BRDA:108,6,1,0
BRDA:148,7,0,0
BRDA:148,8,0,0
BRDA:148,8,1,0
BRDA:148,8,2,0
BRDA:152,9,0,0
BRDA:152,9,1,0
BRDA:159,10,0,0
BRDA:162,11,0,0
BRDA:162,11,1,0
BRDA:162,12,0,0
BRDA:162,12,1,0
BRDA:162,12,2,0
BRDA:170,13,0,0
BRDA:171,14,0,0
BRDA:171,15,0,0
BRDA:171,15,1,0
BRDA:181,16,0,0
BRDA:193,17,0,0
BRDA:193,17,1,0
BRDA:193,18,0,0
BRDA:193,18,1,0
BRDA:199,19,0,0
BRDA:200,20,0,0
BRDA:200,21,0,0
BRDA:200,21,1,0
BRDA:212,22,0,0
BRDA:214,23,0,0
BRDA:214,24,0,0
BRDA:214,24,1,0
BRDA:226,25,0,0
BRDA:226,26,0,0
BRDA:226,26,1,0
BRDA:226,26,2,0
BRDA:245,27,0,0
BRDA:245,27,1,0
BRDA:245,27,2,0
BRDA:251,28,0,0
BRDA:251,28,1,0
BRDA:252,29,0,0
BRDA:252,29,1,0
BRDA:254,30,0,0
BRDA:254,30,1,0
BRDA:263,31,0,0
BRDA:263,31,1,0
BRDA:264,32,0,0
BRDA:271,33,0,0
BRDA:271,33,1,0
BRDA:279,34,0,0
BRDA:279,34,1,0
BRDA:290,35,0,0
BRDA:290,35,1,0
BRDA:315,36,0,0
BRDA:315,36,1,0
BRDA:316,37,0,0
BRDA:316,37,1,0
BRDA:318,38,0,0
BRDA:318,38,1,0
BRDA:327,39,0,0
BRDA:327,39,1,0
BRDA:328,40,0,0
BRDA:328,40,1,0
BRDA:330,41,0,0
BRDA:330,41,1,0
BRDA:331,42,0,0
BRDA:331,42,1,0
BRDA:341,43,0,0
BRDA:341,44,0,0
BRDA:341,44,1,0
BRDA:345,45,0,0
BRDA:349,46,0,0
BRDA:349,47,0,0
BRDA:349,47,1,0
BRDA:353,48,0,0
BRDA:357,49,0,0
BRDA:357,50,0,0
BRDA:357,50,1,0
BRF:88
BRH:0
end_of_record
TN:
SF:src/app/api/qa/enhanced/route.ts
FN:9,(anonymous_6)
FN:27,(anonymous_7)
FN:34,(anonymous_8)
FN:39,(anonymous_9)
FN:40,(anonymous_10)
FN:42,(anonymous_11)
FN:43,(anonymous_12)
FN:44,(anonymous_13)
FN:54,(anonymous_14)
FN:55,(anonymous_15)
FN:56,(anonymous_16)
FN:73,(anonymous_17)
FNF:12
FNH:0
FNDA:0,(anonymous_6)
FNDA:0,(anonymous_7)
FNDA:0,(anonymous_8)
FNDA:0,(anonymous_9)
FNDA:0,(anonymous_10)
FNDA:0,(anonymous_11)
FNDA:0,(anonymous_12)
FNDA:0,(anonymous_13)
FNDA:0,(anonymous_14)
FNDA:0,(anonymous_15)
FNDA:0,(anonymous_16)
FNDA:0,(anonymous_17)
DA:1,0
DA:2,0
DA:3,0
DA:4,0
DA:8,0
DA:10,0
DA:11,0
DA:12,0
DA:13,0
DA:15,0
DA:17,0
DA:19,0
DA:20,0
DA:21,0
DA:23,0
DA:24,0
DA:27,0
DA:28,0
DA:34,0
DA:35,0
DA:38,0
DA:39,0
DA:40,0
DA:41,0
DA:42,0
DA:43,0
DA:44,0
DA:46,0
DA:54,0
DA:55,0
DA:56,0
DA:61,0
DA:62,0
DA:72,0
DA:74,0
DA:75,0
DA:76,0
DA:78,0
DA:79,0
DA:85,0
DA:86,0
DA:88,0
DA:94,0
DA:95,0
LF:44
LH:0
BRDA:17,0,0,0
BRDA:17,0,1,0
BRDA:21,1,0,0
BRDA:21,1,1,0
BRDA:21,2,0,0
BRDA:21,2,1,0
BRDA:41,3,0,0
BRDA:41,3,1,0
BRDA:43,4,0,0
BRDA:43,4,1,0
BRDA:76,5,0,0
BRDA:78,6,0,0
BRF:12
BRH:0
end_of_record
TN:
SF:src/app/api/ready/route.ts
FN:4,GET
FNF:1
FNH:0
FNDA:0,GET
DA:1,0
DA:2,0
DA:4,0
DA:5,0
DA:8,0
DA:10,0
DA:22,0
LF:7
LH:0
BRDA:26,0,0,0
BRDA:26,0,1,0
BRF:2
BRH:0
end_of_record
TN:
SF:src/app/api/realtime/metrics/route.ts
FN:7,(anonymous_1)
FN:46,(anonymous_2)
FN:57,(anonymous_3)
FN:74,(anonymous_4)
FN:96,(anonymous_5)
FNF:5
FNH:0
FNDA:0,(anonymous_1)
FNDA:0,(anonymous_2)
FNDA:0,(anonymous_3)
FNDA:0,(anonymous_4)
FNDA:0,(anonymous_5)
DA:1,0
DA:2,0
DA:3,0
DA:4,0
DA:6,0
DA:8,0
DA:9,0
DA:10,0
DA:11,0
DA:13,0
DA:15,0
DA:18,0
DA:19,0
DA:46,0
DA:57,0
DA:58,0
DA:61,0
DA:63,0
DA:68,0
DA:73,0
DA:74,0
DA:87,0
DA:96,0
DA:102,0
DA:103,0
DA:106,0
DA:116,0
DA:117,0
LF:28
LH:0
BRDA:48,0,0,0
BRDA:48,0,1,0
BRDA:53,1,0,0
BRDA:53,1,1,0
BRDA:73,2,0,0
BRDA:73,3,0,0
BRDA:73,3,1,0
BRDA:103,4,0,0
BRDA:103,4,1,0
BRDA:119,5,0,0
BRDA:119,5,1,0
BRF:11
BRH:0
end_of_record
TN:
SF:src/app/api/repositories/route.ts
FN:10,(anonymous_6)
FN:50,(anonymous_7)
FN:63,(anonymous_8)
FNF:3
FNH:0
FNDA:0,(anonymous_6)
FNDA:0,(anonymous_7)
FNDA:0,(anonymous_8)
DA:1,0
DA:2,0
DA:3,0
DA:4,0
DA:9,0
DA:11,0
DA:12,0
DA:13,0
DA:14,0
DA:15,0
DA:16,0
DA:17,0
DA:19,0
DA:20,0
DA:28,0
DA:38,0
DA:39,0
DA:49,0
DA:51,0
DA:52,0
DA:53,0
DA:55,0
DA:56,0
DA:63,0
DA:64,0
DA:68,0
DA:69,0
DA:76,0
DA:80,0
DA:81,0
DA:87,0
DA:88,0
DA:95,0
DA:97,0
DA:98,0
LF:35
LH:0
BRDA:13,0,0,0
BRDA:13,0,1,0
BRDA:14,1,0,0
BRDA:14,1,1,0
BRDA:15,2,0,0
BRDA:15,2,1,0
BRDA:16,3,0,0
BRDA:16,3,1,0
BRDA:17,4,0,0
BRDA:17,4,1,0
BRDA:55,5,0,0
BRDA:68,6,0,0
BRDA:80,7,0,0
BRDA:92,8,0,0
BRDA:92,8,1,0
BRF:15
BRH:0
end_of_record
TN:
SF:src/app/api/repositories/[id]/route.ts
FN:9,(anonymous_7)
FN:37,(anonymous_8)
FN:56,(anonymous_9)
FN:97,(anonymous_10)
FN:113,(anonymous_11)
FN:126,(anonymous_12)
FNF:6
FNH:0
FNDA:0,(anonymous_7)
FNDA:0,(anonymous_8)
FNDA:0,(anonymous_9)
FNDA:0,(anonymous_10)
FNDA:0,(anonymous_11)
FNDA:0,(anonymous_12)
DA:1,0
DA:2,0
DA:3,0
DA:4,0
DA:8,0
DA:10,0
DA:11,0
DA:13,0
DA:14,0
DA:16,0
DA:17,0
DA:23,0
DA:25,0
DA:26,0
DA:36,0
DA:38,0
DA:39,0
DA:40,0
DA:41,0
DA:43,0
DA:46,0
DA:47,0
DA:52,0
DA:56,0
DA:57,0
DA:83,0
DA:85,0
DA:86,0
DA:96,0
DA:98,0
DA:99,0
DA:101,0
DA:102,0
DA:104,0
DA:105,0
DA:112,0
DA:113,0
DA:114,0
DA:119,0
DA:126,0
DA:127,0
DA:135,0
DA:137,0
DA:138,0
LF:44
LH:0
BRDA:16,0,0,0
BRDA:46,1,0,0
BRDA:46,2,0,0
BRDA:46,2,1,0
BRDA:60,3,0,0
BRDA:60,3,1,0
BRDA:104,4,0,0
BRDA:112,5,0,0
BRDA:112,6,0,0
BRDA:112,6,1,0
BRF:10
BRH:0
end_of_record
TN:
SF:src/app/api/repositories/[id]/sync/route.ts
FN:9,(anonymous_1)
FNF:1
FNH:0
FNDA:0,(anonymous_1)
DA:1,0
DA:2,0
DA:3,0
DA:4,0
DA:8,0
DA:10,0
DA:11,0
DA:12,0
DA:18,0
DA:20,0
DA:21,0
DA:28,0
DA:30,0
DA:31,0
LF:14
LH:0
BRDA:14,0,0,0
BRDA:15,1,0,0
BRDA:16,2,0,0
BRDA:17,3,0,0
BRF:4
BRH:0
end_of_record
TN:
SF:src/app/api/repositories/create-enhanced/route.ts
FN:36,(anonymous_1)
FN:109,(anonymous_2)
FN:241,(anonymous_3)
FN:285,(anonymous_4)
FN:334,createGitHubRepository
FN:401,(anonymous_6)
FNF:6
FNH:0
FNDA:0,(anonymous_1)
FNDA:0,(anonymous_2)
FNDA:0,(anonymous_3)
FNDA:0,(anonymous_4)
FNDA:0,createGitHubRepository
FNDA:0,(anonymous_6)
DA:1,0
DA:2,0
DA:3,0
DA:4,0
DA:5,0
DA:7,0
DA:8,0
DA:11,0
DA:33,0
DA:36,0
DA:109,0
DA:241,0
DA:285,0
DA:342,0
DA:344,0
DA:345,0
DA:349,0
DA:367,0
DA:368,0
DA:369,0
DA:372,0
DA:375,0
DA:376,0
DA:378,0
DA:381,0
DA:382,0
DA:397,0
DA:400,0
DA:402,0
DA:404,0
DA:405,0
DA:407,0
DA:408,0
DA:414,0
DA:417,0
DA:424,0
DA:425,0
DA:432,0
DA:436,0
DA:437,0
DA:444,0
DA:454,0
DA:474,0
DA:488,0
DA:495,0
DA:500,0
LF:46
LH:0
BRDA:344,0,0,0
BRDA:367,1,0,0
BRDA:369,2,0,0
BRDA:369,2,1,0
BRDA:376,3,0,0
BRDA:376,4,0,0
BRDA:376,4,1,0
BRDA:378,5,0,0
BRDA:378,5,1,0
BRDA:407,6,0,0
BRDA:424,7,0,0
BRDA:436,8,0,0
BRDA:446,9,0,0
BRDA:446,9,1,0
BRDA:467,10,0,0
BRDA:467,10,1,0
BRDA:501,11,0,0
BRDA:501,11,1,0
BRF:18
BRH:0
end_of_record
TN:
SF:src/app/api/repositories/link/route.ts
FN:9,(anonymous_4)
FN:31,(anonymous_5)
FNF:2
FNH:0
FNDA:0,(anonymous_4)
FNDA:0,(anonymous_5)
DA:1,0
DA:2,0
DA:3,0
DA:4,0
DA:8,0
DA:10,0
DA:11,0
DA:12,0
DA:14,0
DA:15,0
DA:22,0
DA:23,0
DA:24,0
DA:31,0
DA:32,0
DA:36,0
DA:37,0
DA:44,0
DA:48,0
DA:49,0
DA:55,0
DA:56,0
DA:58,0
DA:60,0
DA:61,0
LF:25
LH:0
BRDA:14,0,0,0
BRDA:14,1,0,0
BRDA:14,1,1,0
BRDA:23,2,0,0
BRDA:36,3,0,0
BRDA:48,4,0,0
BRF:6
BRH:0
end_of_record
TN:
SF:src/app/api/repositories/stats/route.ts
FN:8,(anonymous_4)
FN:10,(anonymous_5)
FN:64,(anonymous_6)
FN:87,(anonymous_7)
FN:92,(anonymous_8)
FN:97,(anonymous_9)
FN:112,(anonymous_10)
FN:113,(anonymous_11)
FNF:8
FNH:0
FNDA:0,(anonymous_4)
FNDA:0,(anonymous_5)
FNDA:0,(anonymous_6)
FNDA:0,(anonymous_7)
FNDA:0,(anonymous_8)
FNDA:0,(anonymous_9)
FNDA:0,(anonymous_10)
FNDA:0,(anonymous_11)
DA:1,0
DA:2,0
DA:3,0
DA:7,0
DA:9,0
DA:10,0
DA:22,0
DA:49,0
DA:64,0
DA:65,0
DA:66,0
DA:67,0
DA:68,0
DA:70,0
DA:74,0
DA:78,0
DA:88,0
DA:89,0
DA:93,0
DA:94,0
DA:98,0
DA:99,0
DA:112,0
DA:113,0
DA:117,0
DA:119,0
DA:120,0
LF:27
LH:0
BRDA:65,0,0,0
BRDA:68,1,0,0
BRDA:68,1,1,0
BRDA:84,2,0,0
BRDA:84,2,1,0
BRDA:105,3,0,0
BRDA:105,3,1,0
BRDA:106,4,0,0
BRDA:106,4,1,0
BRDA:112,5,0,0
BRDA:112,5,1,0
BRDA:112,6,0,0
BRDA:112,6,1,0
BRDA:113,7,0,0
BRDA:113,7,1,0
BRDA:113,8,0,0
BRDA:113,8,1,0
BRF:17
BRH:0
end_of_record
TN:
SF:src/app/api/repositories/sync-github/route.ts
FN:10,(anonymous_1)
FN:76,(anonymous_2)
FN:137,(anonymous_3)
FN:138,(anonymous_4)
FNF:4
FNH:0
FNDA:0,(anonymous_1)
FNDA:0,(anonymous_2)
FNDA:0,(anonymous_3)
FNDA:0,(anonymous_4)
DA:1,0
DA:2,0
DA:3,0
DA:5,0
DA:6,0
DA:9,0
DA:11,0
DA:13,0
DA:16,0
DA:19,0
DA:36,0
DA:44,0
DA:45,0
DA:47,0
DA:56,0
DA:58,0
DA:68,0
DA:69,0
DA:76,0
DA:77,0
DA:80,0
DA:84,0
DA:86,0
DA:102,0
DA:103,0
DA:110,0
DA:119,0
DA:120,0
DA:130,0
DA:137,0
DA:138,0
DA:140,0
DA:141,0
DA:144,0
DA:152,0
DA:158,0
DA:159,0
LF:37
LH:0
BRDA:56,0,0,0
BRDA:56,0,1,0
BRDA:64,1,0,0
BRDA:64,1,1,0
BRDA:65,2,0,0
BRDA:65,2,1,0
BRDA:80,3,0,0
BRDA:80,3,1,0
BRDA:84,4,0,0
BRDA:84,4,1,0
BRDA:84,5,0,0
BRDA:84,5,1,0
BRDA:97,6,0,0
BRDA:97,6,1,0
BRDA:99,7,0,0
BRDA:99,7,1,0
BRDA:113,8,0,0
BRDA:113,8,1,0
BRDA:138,9,0,0
BRDA:138,9,1,0
BRDA:160,10,0,0
BRDA:160,10,1,0
BRF:22
BRH:0
end_of_record
TN:
SF:src/app/api/search/route.ts
FN:27,(anonymous_1)
FN:147,(anonymous_2)
FN:177,(anonymous_3)
FN:187,(anonymous_4)
FN:197,(anonymous_5)
FN:198,(anonymous_6)
FN:220,(anonymous_7)
FN:233,(anonymous_8)
FN:249,calculateCategoryDistribution
FN:256,(anonymous_10)
FN:262,calculateQualityDistribution
FN:295,calculateRevenueStats
FN:297,(anonymous_13)
FN:298,(anonymous_14)
FN:307,(anonymous_15)
FN:308,(anonymous_16)
FN:312,calculateComplexityStats
FNF:17
FNH:0
FNDA:0,(anonymous_1)
FNDA:0,(anonymous_2)
FNDA:0,(anonymous_3)
FNDA:0,(anonymous_4)
FNDA:0,(anonymous_5)
FNDA:0,(anonymous_6)
FNDA:0,(anonymous_7)
FNDA:0,(anonymous_8)
FNDA:0,calculateCategoryDistribution
FNDA:0,(anonymous_10)
FNDA:0,calculateQualityDistribution
FNDA:0,calculateRevenueStats
FNDA:0,(anonymous_13)
FNDA:0,(anonymous_14)
FNDA:0,(anonymous_15)
FNDA:0,(anonymous_16)
FNDA:0,calculateComplexityStats
DA:1,0
DA:2,0
DA:3,0
DA:4,0
DA:26,0
DA:28,0
DA:29,0
DA:31,0
DA:51,0
DA:54,0
DA:55,0
DA:65,0
DA:66,0
DA:70,0
DA:71,0
DA:72,0
DA:73,0
DA:75,0
DA:76,0
DA:81,0
DA:82,0
DA:83,0
DA:84,0
DA:86,0
DA:87,0
DA:92,0
DA:93,0
DA:97,0
DA:98,0
DA:99,0
DA:100,0
DA:104,0
DA:105,0
DA:109,0
DA:110,0
DA:118,0
DA:121,0
DA:147,0
DA:148,0
DA:149,0
DA:150,0
DA:152,0
DA:176,0
DA:177,0
DA:178,0
DA:179,0
DA:180,0
DA:185,0
DA:186,0
DA:187,0
DA:188,0
DA:189,0
DA:190,0
DA:191,0
DA:196,0
DA:197,0
DA:198,0
DA:203,0
DA:212,0
DA:213,0
DA:222,0
DA:226,0
DA:233,0
DA:239,0
DA:240,0
DA:250,0
DA:256,0
DA:257,0
DA:258,0
DA:263,0
DA:271,0
DA:279,0
DA:280,0
DA:289,0
DA:292,0
DA:296,0
DA:297,0
DA:298,0
DA:300,0
DA:301,0
DA:304,0
DA:307,0
DA:308,0
DA:313,0
DA:320,0
LF:85
LH:0
BRDA:32,0,0,0
BRDA:32,0,1,0
BRDA:33,1,0,0
BRDA:33,1,1,0
BRDA:34,2,0,0
BRDA:34,2,1,0
BRDA:35,3,0,0
BRDA:35,3,1,0
BRDA:36,4,0,0
BRDA:36,4,1,0
BRDA:37,5,0,0
BRDA:37,5,1,0
BRDA:38,6,0,0
BRDA:38,6,1,0
BRDA:39,7,0,0
BRDA:39,7,1,0
BRDA:40,8,0,0
BRDA:40,8,1,0
BRDA:41,9,0,0
BRDA:41,9,1,0
BRDA:42,10,0,0
BRDA:42,10,1,0
BRDA:43,11,0,0
BRDA:43,11,1,0
BRDA:44,12,0,0
BRDA:44,12,1,0
BRDA:45,13,0,0
BRDA:45,13,1,0
BRDA:46,14,0,0
BRDA:46,14,1,0
BRDA:47,15,0,0
BRDA:47,15,1,0
BRDA:54,16,0,0
BRDA:65,17,0,0
BRDA:65,18,0,0
BRDA:65,18,1,0
BRDA:70,19,0,0
BRDA:70,20,0,0
BRDA:70,20,1,0
BRDA:72,21,0,0
BRDA:75,22,0,0
BRDA:81,23,0,0
BRDA:81,24,0,0
BRDA:81,24,1,0
BRDA:83,25,0,0
BRDA:86,26,0,0
BRDA:92,27,0,0
BRDA:92,28,0,0
BRDA:92,28,1,0
BRDA:97,29,0,0
BRDA:97,30,0,0
BRDA:97,30,1,0
BRDA:99,31,0,0
BRDA:99,31,1,0
BRDA:104,32,0,0
BRDA:104,32,1,0
BRDA:109,33,0,0
BRDA:126,34,0,0
BRDA:126,34,1,0
BRDA:127,35,0,0
BRDA:127,35,1,0
BRDA:128,36,0,0
BRDA:128,36,1,0
BRDA:129,37,0,0
BRDA:129,37,1,0
BRDA:148,38,0,0
BRDA:148,38,1,0
BRDA:149,39,0,0
BRDA:149,39,1,0
BRDA:150,40,0,0
BRDA:150,40,1,0
BRDA:176,41,0,0
BRDA:178,42,0,0
BRDA:178,42,1,0
BRDA:179,43,0,0
BRDA:179,43,1,0
BRDA:180,44,0,0
BRDA:180,44,1,0
BRDA:186,45,0,0
BRDA:186,46,0,0
BRDA:186,46,1,0
BRDA:188,47,0,0
BRDA:188,47,1,0
BRDA:189,48,0,0
BRDA:189,49,0,0
BRDA:189,49,1,0
BRDA:190,50,0,0
BRDA:190,51,0,0
BRDA:190,51,1,0
BRDA:196,52,0,0
BRDA:196,53,0,0
BRDA:196,53,1,0
BRDA:212,54,0,0
BRDA:212,55,0,0
BRDA:212,55,1,0
BRDA:285,56,0,0
BRDA:285,56,1,0
BRDA:297,57,0,0
BRDA:297,57,1,0
BRDA:300,58,0,0
BRDA:321,59,0,0
BRDA:321,59,1,0
BRDA:322,60,0,0
BRDA:322,60,1,0
BRDA:323,61,0,0
BRDA:323,61,1,0
BRF:106
BRH:0
end_of_record
TN:
SF:src/app/api/socket/route.ts
FN:3,GET
FNF:1
FNH:0
FNDA:0,GET
DA:1,0
DA:3,0
DA:4,0
LF:3
LH:0
BRF:0
BRH:0
end_of_record
TN:
SF:src/app/api/specialized-prompts/route.ts
FN:4,GET
FN:12,(anonymous_2)
FNF:2
FNH:0
FNDA:0,GET
FNDA:0,(anonymous_2)
DA:1,0
DA:2,0
DA:4,0
DA:5,0
DA:6,0
DA:7,0
DA:9,0
DA:10,0
DA:12,0
DA:16,0
DA:17,0
DA:20,0
DA:21,0
LF:13
LH:0
BRDA:7,0,0,0
BRDA:7,0,1,0
BRDA:9,1,0,0
BRF:3
BRH:0
end_of_record
TN:
SF:src/app/api/stats/route.ts
FN:10,(anonymous_1)
FN:47,(anonymous_2)
FN:54,(anonymous_3)
FN:63,(anonymous_4)
FN:74,(anonymous_5)
FN:92,(anonymous_6)
FNF:6
FNH:0
FNDA:0,(anonymous_1)
FNDA:0,(anonymous_2)
FNDA:0,(anonymous_3)
FNDA:0,(anonymous_4)
FNDA:0,(anonymous_5)
FNDA:0,(anonymous_6)
DA:1,0
DA:2,0
DA:3,0
DA:4,0
DA:6,0
DA:7,0
DA:9,0
DA:11,0
DA:13,0
DA:14,0
DA:15,0
DA:24,0
DA:46,0
DA:47,0
DA:51,0
DA:52,0
DA:54,0
DA:55,0
DA:56,0
DA:59,0
DA:60,0
DA:61,0
DA:62,0
DA:63,0
DA:64,0
DA:74,0
DA:75,0
DA:76,0
DA:77,0
DA:79,0
DA:84,0
DA:92,0
DA:93,0
DA:94,0
DA:95,0
DA:96,0
DA:97,0
DA:98,0
DA:101,0
DA:115,0
DA:117,0
DA:119,0
DA:123,0
LF:43
LH:0
BRDA:14,0,0,0
BRDA:46,1,0,0
BRDA:46,1,1,0
BRDA:47,2,0,0
BRDA:47,2,1,0
BRDA:55,3,0,0
BRDA:55,3,1,0
BRDA:56,4,0,0
BRDA:56,4,1,0
BRDA:59,5,0,0
BRDA:62,6,0,0
BRDA:64,7,0,0
BRDA:64,7,1,0
BRDA:76,8,0,0
BRDA:76,8,1,0
BRDA:77,9,0,0
BRDA:77,9,1,0
BRDA:93,10,0,0
BRDA:93,10,1,0
BRDA:94,11,0,0
BRDA:94,11,1,0
BRDA:94,12,0,0
BRDA:94,12,1,0
BRDA:95,13,0,0
BRDA:95,13,1,0
BRDA:95,14,0,0
BRDA:95,14,1,0
BRDA:96,15,0,0
BRDA:96,15,1,0
BRDA:96,16,0,0
BRDA:96,16,1,0
BRDA:97,17,0,0
BRDA:97,17,1,0
BRDA:97,18,0,0
BRDA:97,18,1,0
BRDA:98,19,0,0
BRDA:98,20,0,0
BRDA:98,20,1,0
BRF:38
BRH:0
end_of_record
TN:
SF:src/app/api/system/status/route.ts
FN:10,GET
FNF:1
FNH:0
FNDA:0,GET
DA:1,0
DA:2,0
DA:10,0
DA:11,0
DA:12,0
DA:13,0
DA:14,0
DA:16,0
DA:18,0
DA:20,0
DA:21,0
DA:22,0
DA:25,0
DA:28,0
DA:29,0
LF:15
LH:0
BRDA:14,0,0,0
BRDA:14,0,1,0
BRDA:20,1,0,0
BRF:3
BRH:0
end_of_record
TN:
SF:src/app/api/test-db/route.ts
FN:8,(anonymous_1)
FNF:1
FNH:0
FNDA:0,(anonymous_1)
DA:1,0
DA:2,0
DA:3,0
DA:4,0
DA:7,0
DA:10,0
DA:11,0
DA:18,0
DA:19,0
DA:24,0
DA:26,0
DA:27,0
DA:30,0
DA:32,0
DA:43,0
DA:44,0
LF:16
LH:0
BRDA:10,0,0,0
BRDA:18,1,0,0
BRDA:18,2,0,0
BRDA:18,2,1,0
BRDA:36,3,0,0
BRDA:36,3,1,0
BRF:6
BRH:0
end_of_record
TN:
SF:src/app/categories/page.tsx
FN:39,CategoriesPage
FN:45,(anonymous_2)
FN:49,(anonymous_3)
FN:56,(anonymous_4)
FN:61,(anonymous_5)
FN:77,(anonymous_6)
FN:91,(anonymous_7)
FN:103,(anonymous_8)
FN:109,(anonymous_9)
FN:224,(anonymous_10)
FN:227,(anonymous_11)
FN:231,(anonymous_12)
FN:241,(anonymous_13)
FN:256,(anonymous_14)
FN:317,(anonymous_15)
FN:357,(anonymous_16)
FN:369,(anonymous_17)
FN:385,(anonymous_18)
FNF:18
FNH:0
FNDA:0,CategoriesPage
FNDA:0,(anonymous_2)
FNDA:0,(anonymous_3)
FNDA:0,(anonymous_4)
FNDA:0,(anonymous_5)
FNDA:0,(anonymous_6)
FNDA:0,(anonymous_7)
FNDA:0,(anonymous_8)
FNDA:0,(anonymous_9)
FNDA:0,(anonymous_10)
FNDA:0,(anonymous_11)
FNDA:0,(anonymous_12)
FNDA:0,(anonymous_13)
FNDA:0,(anonymous_14)
FNDA:0,(anonymous_15)
FNDA:0,(anonymous_16)
FNDA:0,(anonymous_17)
FNDA:0,(anonymous_18)
DA:3,0
DA:4,0
DA:5,0
DA:18,0
DA:19,0
DA:20,0
DA:21,0
DA:22,0
DA:23,0
DA:29,0
DA:30,0
DA:31,0
DA:39,0
DA:40,0
DA:41,0
DA:42,0
DA:43,0
DA:45,0
DA:46,0
DA:49,0
DA:50,0
DA:51,0
DA:52,0
DA:55,0
DA:56,0
DA:61,0
DA:64,0
DA:70,0
DA:71,0
DA:73,0
DA:77,0
DA:78,0
DA:79,0
DA:80,0
DA:82,0
DA:91,0
DA:93,0
DA:98,0
DA:99,0
DA:103,0
DA:104,0
DA:105,0
DA:109,0
DA:111,0
DA:114,0
DA:224,0
DA:228,0
DA:231,0
DA:242,0
DA:243,0
DA:244,0
DA:246,0
DA:256,0
DA:318,0
DA:319,0
DA:358,0
DA:359,0
DA:360,0
DA:362,0
DA:369,0
DA:385,0
LF:61
LH:0
BRDA:66,0,0,0
BRDA:66,0,1,0
BRDA:66,0,2,0
BRDA:78,1,0,0
BRDA:78,1,1,0
BRDA:79,2,0,0
BRDA:79,2,1,0
BRDA:95,3,0,0
BRDA:95,3,1,0
BRDA:98,4,0,0
BRDA:114,5,0,0
BRDA:140,6,0,0
BRDA:140,6,1,0
BRDA:142,7,0,0
BRDA:142,7,1,0
BRDA:161,8,0,0
BRDA:161,8,1,0
BRDA:167,9,0,0
BRDA:167,9,1,0
BRDA:182,10,0,0
BRDA:182,10,1,0
BRDA:196,11,0,0
BRDA:196,11,1,0
BRDA:196,12,0,0
BRDA:196,12,1,0
BRDA:244,13,0,0
BRDA:244,13,1,0
BRDA:263,14,0,0
BRDA:308,15,0,0
BRDA:308,15,1,0
BRDA:309,16,0,0
BRDA:309,16,1,0
BRDA:312,17,0,0
BRDA:312,17,1,0
BRDA:334,18,0,0
BRDA:358,19,0,0
BRDA:358,19,1,0
BRDA:360,20,0,0
BRDA:360,20,1,0
BRF:39
BRH:0
end_of_record
TN:
SF:src/app/collaborate/page.tsx
FN:46,fetchCollaborationData
FN:52,createTeam
FN:65,updateProjectStatus
FN:78,updateProjectPriority
FN:91,updateProjectProgress
FN:104,addComment
FN:117,inviteMember
FN:130,assignProject
FN:143,CollaboratePage
FN:168,(anonymous_11)
FN:173,(anonymous_12)
FN:180,(anonymous_13)
FN:184,(anonymous_14)
FN:194,(anonymous_15)
FN:201,(anonymous_16)
FN:215,(anonymous_17)
FN:225,(anonymous_18)
FN:226,(anonymous_19)
FN:228,(anonymous_20)
FN:255,(anonymous_21)
FN:265,(anonymous_22)
FN:272,(anonymous_23)
FN:278,(anonymous_24)
FN:285,(anonymous_25)
FN:291,(anonymous_26)
FN:298,(anonymous_27)
FN:304,(anonymous_28)
FN:311,(anonymous_29)
FN:320,(anonymous_30)
FN:327,(anonymous_31)
FN:333,(anonymous_32)
FN:340,(anonymous_33)
FN:344,(anonymous_34)
FN:358,(anonymous_35)
FN:385,(anonymous_36)
FN:394,(anonymous_37)
FN:412,(anonymous_38)
FN:422,(anonymous_39)
FN:430,(anonymous_40)
FN:479,(anonymous_41)
FN:495,(anonymous_42)
FN:497,(anonymous_43)
FN:501,(anonymous_44)
FN:506,(anonymous_45)
FN:521,(anonymous_46)
FN:530,(anonymous_47)
FN:540,(anonymous_48)
FN:545,(anonymous_49)
FN:550,(anonymous_50)
FN:556,(anonymous_51)
FN:566,(anonymous_52)
FN:612,(anonymous_53)
FN:642,(anonymous_54)
FN:726,(anonymous_55)
FN:764,(anonymous_56)
FN:779,(anonymous_57)
FN:797,(anonymous_58)
FN:823,(anonymous_59)
FN:823,(anonymous_60)
FN:832,(anonymous_61)
FN:834,(anonymous_62)
FN:834,(anonymous_63)
FN:852,(anonymous_64)
FN:860,(anonymous_65)
FN:863,(anonymous_66)
FN:895,(anonymous_67)
FN:901,(anonymous_68)
FN:938,(anonymous_69)
FN:939,(anonymous_70)
FN:984,(anonymous_71)
FN:992,(anonymous_72)
FN:997,(anonymous_73)
FN:1044,(anonymous_74)
FN:1056,(anonymous_75)
FN:1075,(anonymous_76)
FN:1117,(anonymous_77)
FN:1139,(anonymous_78)
FN:1139,(anonymous_79)
FN:1170,(anonymous_80)
FN:1180,(anonymous_81)
FN:1188,(anonymous_82)
FNF:81
FNH:0
FNDA:0,fetchCollaborationData
FNDA:0,createTeam
FNDA:0,updateProjectStatus
FNDA:0,updateProjectPriority
FNDA:0,updateProjectProgress
FNDA:0,addComment
FNDA:0,inviteMember
FNDA:0,assignProject
FNDA:0,CollaboratePage
FNDA:0,(anonymous_11)
FNDA:0,(anonymous_12)
FNDA:0,(anonymous_13)
FNDA:0,(anonymous_14)
FNDA:0,(anonymous_15)
FNDA:0,(anonymous_16)
FNDA:0,(anonymous_17)
FNDA:0,(anonymous_18)
FNDA:0,(anonymous_19)
FNDA:0,(anonymous_20)
FNDA:0,(anonymous_21)
FNDA:0,(anonymous_22)
FNDA:0,(anonymous_23)
FNDA:0,(anonymous_24)
FNDA:0,(anonymous_25)
FNDA:0,(anonymous_26)
FNDA:0,(anonymous_27)
FNDA:0,(anonymous_28)
FNDA:0,(anonymous_29)
FNDA:0,(anonymous_30)
FNDA:0,(anonymous_31)
FNDA:0,(anonymous_32)
FNDA:0,(anonymous_33)
FNDA:0,(anonymous_34)
FNDA:0,(anonymous_35)
FNDA:0,(anonymous_36)
FNDA:0,(anonymous_37)
FNDA:0,(anonymous_38)
FNDA:0,(anonymous_39)
FNDA:0,(anonymous_40)
FNDA:0,(anonymous_41)
FNDA:0,(anonymous_42)
FNDA:0,(anonymous_43)
FNDA:0,(anonymous_44)
FNDA:0,(anonymous_45)
FNDA:0,(anonymous_46)
FNDA:0,(anonymous_47)
FNDA:0,(anonymous_48)
FNDA:0,(anonymous_49)
FNDA:0,(anonymous_50)
FNDA:0,(anonymous_51)
FNDA:0,(anonymous_52)
FNDA:0,(anonymous_53)
FNDA:0,(anonymous_54)
FNDA:0,(anonymous_55)
FNDA:0,(anonymous_56)
FNDA:0,(anonymous_57)
FNDA:0,(anonymous_58)
FNDA:0,(anonymous_59)
FNDA:0,(anonymous_60)
FNDA:0,(anonymous_61)
FNDA:0,(anonymous_62)
FNDA:0,(anonymous_63)
FNDA:0,(anonymous_64)
FNDA:0,(anonymous_65)
FNDA:0,(anonymous_66)
FNDA:0,(anonymous_67)
FNDA:0,(anonymous_68)
FNDA:0,(anonymous_69)
FNDA:0,(anonymous_70)
FNDA:0,(anonymous_71)
FNDA:0,(anonymous_72)
FNDA:0,(anonymous_73)
FNDA:0,(anonymous_74)
FNDA:0,(anonymous_75)
FNDA:0,(anonymous_76)
FNDA:0,(anonymous_77)
FNDA:0,(anonymous_78)
FNDA:0,(anonymous_79)
FNDA:0,(anonymous_80)
FNDA:0,(anonymous_81)
FNDA:0,(anonymous_82)
DA:3,0
DA:4,0
DA:5,0
DA:6,0
DA:7,0
DA:8,0
DA:9,0
DA:10,0
DA:11,0
DA:12,0
DA:13,0
DA:14,0
DA:15,0
DA:19,0
DA:24,0
DA:25,0
DA:26,0
DA:27,0
DA:28,0
DA:29,0
DA:30,0
DA:32,0
DA:39,0
DA:47,0
DA:48,0
DA:49,0
DA:53,0
DA:58,0
DA:59,0
DA:60,0
DA:62,0
DA:66,0
DA:71,0
DA:72,0
DA:73,0
DA:75,0
DA:79,0
DA:84,0
DA:85,0
DA:86,0
DA:88,0
DA:92,0
DA:97,0
DA:98,0
DA:99,0
DA:101,0
DA:105,0
DA:110,0
DA:111,0
DA:112,0
DA:114,0
DA:118,0
DA:123,0
DA:124,0
DA:125,0
DA:127,0
DA:131,0
DA:136,0
DA:137,0
DA:138,0
DA:140,0
DA:143,0
DA:144,0
DA:152,0
DA:154,0
DA:155,0
DA:156,0
DA:157,0
DA:158,0
DA:159,0
DA:160,0
DA:161,0
DA:162,0
DA:163,0
DA:164,0
DA:166,0
DA:168,0
DA:173,0
DA:174,0
DA:175,0
DA:180,0
DA:181,0
DA:184,0
DA:185,0
DA:187,0
DA:188,0
DA:189,0
DA:190,0
DA:191,0
DA:193,0
DA:194,0
DA:195,0
DA:196,0
DA:197,0
DA:198,0
DA:200,0
DA:201,0
DA:202,0
DA:203,0
DA:204,0
DA:205,0
DA:206,0
DA:207,0
DA:209,0
DA:215,0
DA:216,0
DA:218,0
DA:219,0
DA:225,0
DA:226,0
DA:228,0
DA:229,0
DA:232,0
DA:238,0
DA:245,0
DA:246,0
DA:250,0
DA:253,0
DA:256,0
DA:257,0
DA:258,0
DA:259,0
DA:260,0
DA:261,0
DA:262,0
DA:266,0
DA:270,0
DA:273,0
DA:274,0
DA:276,0
DA:279,0
DA:283,0
DA:286,0
DA:287,0
DA:289,0
DA:292,0
DA:296,0
DA:299,0
DA:300,0
DA:302,0
DA:305,0
DA:309,0
DA:312,0
DA:313,0
DA:314,0
DA:316,0
DA:317,0
DA:321,0
DA:325,0
DA:328,0
DA:329,0
DA:330,0
DA:331,0
DA:334,0
DA:338,0
DA:341,0
DA:342,0
DA:345,0
DA:349,0
DA:359,0
DA:367,0
DA:385,0
DA:388,0
DA:394,0
DA:412,0
DA:422,0
DA:430,0
DA:446,0
DA:458,0
DA:459,0
DA:462,0
DA:479,0
DA:480,0
DA:481,0
DA:484,0
DA:485,0
DA:486,0
DA:490,0
DA:495,0
DA:497,0
DA:498,0
DA:501,0
DA:502,0
DA:506,0
DA:510,0
DA:512,0
DA:521,0
DA:522,0
DA:530,0
DA:531,0
DA:532,0
DA:533,0
DA:534,0
DA:535,0
DA:536,0
DA:540,0
DA:541,0
DA:542,0
DA:545,0
DA:546,0
DA:547,0
DA:550,0
DA:551,0
DA:552,0
DA:553,0
DA:556,0
DA:557,0
DA:559,0
DA:566,0
DA:567,0
DA:569,0
DA:612,0
DA:642,0
DA:727,0
DA:764,0
DA:779,0
DA:797,0
DA:823,0
DA:832,0
DA:834,0
DA:835,0
DA:852,0
DA:861,0
DA:863,0
DA:896,0
DA:901,0
DA:938,0
DA:940,0
DA:984,0
DA:993,0
DA:997,0
DA:1045,0
DA:1057,0
DA:1060,0
DA:1062,0
DA:1063,0
DA:1067,0
DA:1075,0
DA:1076,0
DA:1117,0
DA:1139,0
DA:1170,0
DA:1180,0
DA:1188,0
LF:244
LH:0
BRDA:48,0,0,0
BRDA:58,1,0,0
BRDA:60,2,0,0
BRDA:60,2,1,0
BRDA:71,3,0,0
BRDA:73,4,0,0
BRDA:73,4,1,0
BRDA:84,5,0,0
BRDA:86,6,0,0
BRDA:86,6,1,0
BRDA:97,7,0,0
BRDA:99,8,0,0
BRDA:99,8,1,0
BRDA:110,9,0,0
BRDA:112,10,0,0
BRDA:112,10,1,0
BRDA:123,11,0,0
BRDA:125,12,0,0
BRDA:125,12,1,0
BRDA:136,13,0,0
BRDA:138,14,0,0
BRDA:138,14,1,0
BRDA:169,15,0,0
BRDA:169,15,1,0
BRDA:174,16,0,0
BRDA:174,17,0,0
BRDA:174,17,1,0
BRDA:181,18,0,0
BRDA:187,19,0,0
BRDA:187,19,1,0
BRDA:189,20,0,0
BRDA:189,20,1,0
BRDA:189,21,0,0
BRDA:189,21,1,0
BRDA:191,22,0,0
BRDA:191,23,0,0
BRDA:191,23,1,0
BRDA:193,24,0,0
BRDA:193,24,1,0
BRDA:193,25,0,0
BRDA:193,25,1,0
BRDA:196,26,0,0
BRDA:196,26,1,0
BRDA:197,27,0,0
BRDA:197,27,1,0
BRDA:200,28,0,0
BRDA:200,29,0,0
BRDA:200,29,1,0
BRDA:203,30,0,0
BRDA:203,30,1,0
BRDA:204,31,0,0
BRDA:204,31,1,0
BRDA:205,32,0,0
BRDA:218,33,0,0
BRDA:229,34,0,0
BRDA:229,35,0,0
BRDA:229,35,1,0
BRDA:235,36,0,0
BRDA:235,36,1,0
BRDA:245,37,0,0
BRDA:245,38,0,0
BRDA:245,38,1,0
BRDA:246,39,0,0
BRDA:246,39,1,0
BRDA:261,40,0,0
BRDA:266,41,0,0
BRDA:266,41,1,0
BRDA:279,42,0,0
BRDA:279,42,1,0
BRDA:292,43,0,0
BRDA:292,43,1,0
BRDA:305,44,0,0
BRDA:305,44,1,0
BRDA:316,45,0,0
BRDA:321,46,0,0
BRDA:321,46,1,0
BRDA:334,47,0,0
BRDA:334,47,1,0
BRDA:345,48,0,0
BRDA:345,48,1,0
BRDA:349,49,0,0
BRDA:349,50,0,0
BRDA:349,50,1,0
BRDA:367,51,0,0
BRDA:388,52,0,0
BRDA:434,53,0,0
BRDA:434,53,1,0
BRDA:436,54,0,0
BRDA:436,54,1,0
BRDA:446,55,0,0
BRDA:446,56,0,0
BRDA:446,56,1,0
BRDA:458,57,0,0
BRDA:458,57,1,0
BRDA:459,58,0,0
BRDA:459,58,1,0
BRDA:463,59,0,0
BRDA:463,59,1,0
BRDA:480,60,0,0
BRDA:484,61,0,0
BRDA:484,61,1,0
BRDA:485,62,0,0
BRDA:490,63,0,0
BRDA:490,63,1,0
BRDA:495,64,0,0
BRDA:495,64,1,0
BRDA:501,65,0,0
BRDA:501,65,1,0
BRDA:502,66,0,0
BRDA:502,66,1,0
BRDA:531,67,0,0
BRDA:531,67,1,0
BRDA:531,67,2,0
BRDA:531,67,3,0
BRDA:531,67,4,0
BRDA:541,68,0,0
BRDA:546,69,0,0
BRDA:551,70,0,0
BRDA:551,71,0,0
BRDA:551,71,1,0
BRDA:557,72,0,0
BRDA:557,73,0,0
BRDA:557,73,1,0
BRDA:567,74,0,0
BRDA:567,75,0,0
BRDA:567,75,1,0
BRDA:633,76,0,0
BRDA:633,76,1,0
BRDA:635,77,0,0
BRDA:635,77,1,0
BRDA:732,78,0,0
BRDA:732,78,1,0
BRDA:736,79,0,0
BRDA:736,79,1,0
BRDA:737,80,0,0
BRDA:737,80,1,0
BRDA:746,81,0,0
BRDA:746,81,1,0
BRDA:750,82,0,0
BRDA:750,82,1,0
BRDA:757,83,0,0
BRDA:757,83,1,0
BRDA:778,84,0,0
BRDA:778,84,1,0
BRDA:796,85,0,0
BRDA:796,85,1,0
BRDA:826,86,0,0
BRDA:826,86,1,0
BRDA:865,87,0,0
BRDA:865,87,1,0
BRDA:891,88,0,0
BRDA:891,88,1,0
BRDA:911,89,0,0
BRDA:911,89,1,0
BRDA:972,90,0,0
BRDA:997,91,0,0
BRDA:997,91,1,0
BRDA:1003,92,0,0
BRDA:1003,92,1,0
BRDA:1011,93,0,0
BRDA:1016,94,0,0
BRDA:1060,95,0,0
BRDA:1060,96,0,0
BRDA:1060,96,1,0
BRDA:1062,97,0,0
BRDA:1088,98,0,0
BRDA:1088,98,1,0
BRDA:1090,99,0,0
BRDA:1090,99,1,0
BRDA:1097,100,0,0
BRDA:1097,100,1,0
BRDA:1097,100,2,0
BRDA:1100,101,0,0
BRDA:1100,101,1,0
BRDA:1117,102,0,0
BRDA:1117,102,1,0
BRDA:1118,103,0,0
BRDA:1118,103,1,0
BRDA:1119,104,0,0
BRDA:1119,104,1,0
BRDA:1192,105,0,0
BRDA:1192,105,1,0
BRDA:1194,106,0,0
BRDA:1194,106,1,0
BRF:184
BRH:0
end_of_record
TN:
SF:src/app/deployments/page.tsx
FN:40,DeploymentsPage
FN:49,(anonymous_3)
FN:64,(anonymous_4)
FN:72,(anonymous_5)
FN:98,(anonymous_6)
FN:102,(anonymous_7)
FN:115,(anonymous_8)
FN:142,(anonymous_9)
FN:193,(anonymous_10)
FN:199,(anonymous_11)
FN:208,(anonymous_12)
FN:227,(anonymous_13)
FN:227,(anonymous_14)
FN:228,(anonymous_15)
FN:233,(anonymous_16)
FN:237,(anonymous_17)
FN:238,(anonymous_18)
FN:270,(anonymous_19)
FNF:18
FNH:0
FNDA:0,DeploymentsPage
FNDA:0,(anonymous_3)
FNDA:0,(anonymous_4)
FNDA:0,(anonymous_5)
FNDA:0,(anonymous_6)
FNDA:0,(anonymous_7)
FNDA:0,(anonymous_8)
FNDA:0,(anonymous_9)
FNDA:0,(anonymous_10)
FNDA:0,(anonymous_11)
FNDA:0,(anonymous_12)
FNDA:0,(anonymous_13)
FNDA:0,(anonymous_14)
FNDA:0,(anonymous_15)
FNDA:0,(anonymous_16)
FNDA:0,(anonymous_17)
FNDA:0,(anonymous_18)
FNDA:0,(anonymous_19)
DA:3,0
DA:4,0
DA:6,0
DA:12,0
DA:15,0
DA:16,0
DA:17,0
DA:18,0
DA:19,0
DA:20,0
DA:21,0
DA:31,0
DA:32,0
DA:33,0
DA:34,0
DA:35,0
DA:40,0
DA:41,0
DA:42,0
DA:43,0
DA:44,0
DA:47,0
DA:50,0
DA:51,0
DA:52,0
DA:54,0
DA:55,0
DA:56,0
DA:62,0
DA:65,0
DA:66,0
DA:67,0
DA:72,0
DA:73,0
DA:74,0
DA:75,0
DA:79,0
DA:98,0
DA:102,0
DA:116,0
DA:142,0
DA:194,0
DA:199,0
DA:209,0
DA:227,0
DA:229,0
DA:233,0
DA:237,0
DA:239,0
DA:271,0
DA:272,0
LF:51
LH:0
BRDA:51,0,0,0
BRDA:52,1,0,0
BRDA:55,2,0,0
BRDA:66,3,0,0
BRDA:72,4,0,0
BRDA:72,4,1,0
BRDA:73,5,0,0
BRDA:75,6,0,0
BRDA:75,6,1,0
BRDA:75,6,2,0
BRDA:113,7,0,0
BRDA:113,7,1,0
BRDA:119,8,0,0
BRDA:119,8,1,0
BRDA:192,9,0,0
BRDA:207,10,0,0
BRDA:226,11,0,0
BRDA:243,12,0,0
BRDA:243,12,1,0
BRDA:244,13,0,0
BRDA:244,13,1,0
BRDA:250,14,0,0
BRF:22
BRH:0
end_of_record
TN:
SF:src/app/deployments/analytics/page.tsx
FN:14,DeploymentAnalyticsPage
FN:20,(anonymous_3)
FN:31,(anonymous_4)
FN:39,(anonymous_5)
FN:81,(anonymous_6)
FN:104,(anonymous_7)
FN:134,(anonymous_8)
FNF:7
FNH:0
FNDA:0,DeploymentAnalyticsPage
FNDA:0,(anonymous_3)
FNDA:0,(anonymous_4)
FNDA:0,(anonymous_5)
FNDA:0,(anonymous_6)
FNDA:0,(anonymous_7)
FNDA:0,(anonymous_8)
DA:3,0
DA:4,0
DA:5,0
DA:6,0
DA:7,0
DA:8,0
DA:9,0
DA:10,0
DA:11,0
DA:14,0
DA:15,0
DA:18,0
DA:21,0
DA:22,0
DA:23,0
DA:29,0
DA:32,0
DA:33,0
DA:34,0
DA:39,0
DA:40,0
DA:42,0
DA:48,0
DA:49,0
DA:50,0
DA:51,0
DA:52,0
DA:53,0
DA:54,0
DA:55,0
DA:56,0
DA:59,0
DA:82,0
DA:105,0
DA:134,0
LF:35
LH:0
BRDA:22,0,0,0
BRDA:33,1,0,0
BRDA:40,2,0,0
BRDA:40,3,0,0
BRDA:40,3,1,0
BRDA:59,4,0,0
BRDA:59,4,1,0
BRDA:86,5,0,0
BRDA:86,5,1,0
BRDA:92,6,0,0
BRDA:92,6,1,0
BRDA:92,6,2,0
BRDA:102,7,0,0
BRDA:111,8,0,0
BRDA:110,9,0,0
BRDA:110,9,1,0
BRF:16
BRH:0
end_of_record
TN:
SF:src/app/insights/page.tsx
FN:30,fetchInsights
FN:41,InsightsPage
FN:48,(anonymous_4)
FN:60,(anonymous_5)
FN:83,(anonymous_6)
FN:93,(anonymous_7)
FN:104,(anonymous_8)
FN:156,(anonymous_9)
FN:254,(anonymous_10)
FN:279,(anonymous_11)
FN:302,(anonymous_12)
FN:323,(anonymous_13)
FN:332,(anonymous_14)
FN:349,(anonymous_15)
FN:375,(anonymous_16)
FN:377,(anonymous_17)
FN:381,(anonymous_18)
FN:384,(anonymous_19)
FN:398,(anonymous_20)
FN:434,(anonymous_21)
FN:437,(anonymous_22)
FN:461,(anonymous_23)
FN:463,(anonymous_24)
FN:495,(anonymous_25)
FN:510,(anonymous_26)
FN:519,(anonymous_27)
FN:544,(anonymous_28)
FN:570,(anonymous_29)
FN:572,(anonymous_30)
FN:575,(anonymous_31)
FN:577,(anonymous_32)
FN:588,(anonymous_33)
FN:590,(anonymous_34)
FN:593,(anonymous_35)
FN:606,(anonymous_36)
FN:608,(anonymous_37)
FN:638,(anonymous_38)
FN:655,(anonymous_39)
FN:681,(anonymous_40)
FN:683,(anonymous_41)
FN:686,(anonymous_42)
FN:688,(anonymous_43)
FN:702,(anonymous_44)
FN:719,(anonymous_45)
FN:721,(anonymous_46)
FN:724,(anonymous_47)
FN:738,(anonymous_48)
FN:740,(anonymous_49)
FN:770,(anonymous_50)
FN:798,(anonymous_51)
FN:824,(anonymous_52)
FN:850,(anonymous_53)
FN:857,(anonymous_54)
FN:873,(anonymous_55)
FN:894,(anonymous_56)
FN:906,(anonymous_57)
FNF:56
FNH:0
FNDA:0,fetchInsights
FNDA:0,InsightsPage
FNDA:0,(anonymous_4)
FNDA:0,(anonymous_5)
FNDA:0,(anonymous_6)
FNDA:0,(anonymous_7)
FNDA:0,(anonymous_8)
FNDA:0,(anonymous_9)
FNDA:0,(anonymous_10)
FNDA:0,(anonymous_11)
FNDA:0,(anonymous_12)
FNDA:0,(anonymous_13)
FNDA:0,(anonymous_14)
FNDA:0,(anonymous_15)
FNDA:0,(anonymous_16)
FNDA:0,(anonymous_17)
FNDA:0,(anonymous_18)
FNDA:0,(anonymous_19)
FNDA:0,(anonymous_20)
FNDA:0,(anonymous_21)
FNDA:0,(anonymous_22)
FNDA:0,(anonymous_23)
FNDA:0,(anonymous_24)
FNDA:0,(anonymous_25)
FNDA:0,(anonymous_26)
FNDA:0,(anonymous_27)
FNDA:0,(anonymous_28)
FNDA:0,(anonymous_29)
FNDA:0,(anonymous_30)
FNDA:0,(anonymous_31)
FNDA:0,(anonymous_32)
FNDA:0,(anonymous_33)
FNDA:0,(anonymous_34)
FNDA:0,(anonymous_35)
FNDA:0,(anonymous_36)
FNDA:0,(anonymous_37)
FNDA:0,(anonymous_38)
FNDA:0,(anonymous_39)
FNDA:0,(anonymous_40)
FNDA:0,(anonymous_41)
FNDA:0,(anonymous_42)
FNDA:0,(anonymous_43)
FNDA:0,(anonymous_44)
FNDA:0,(anonymous_45)
FNDA:0,(anonymous_46)
FNDA:0,(anonymous_47)
FNDA:0,(anonymous_48)
FNDA:0,(anonymous_49)
FNDA:0,(anonymous_50)
FNDA:0,(anonymous_51)
FNDA:0,(anonymous_52)
FNDA:0,(anonymous_53)
FNDA:0,(anonymous_54)
FNDA:0,(anonymous_55)
FNDA:0,(anonymous_56)
FNDA:0,(anonymous_57)
DA:3,0
DA:4,0
DA:5,0
DA:6,0
DA:7,0
DA:8,0
DA:9,0
DA:10,0
DA:18,0
DA:19,0
DA:20,0
DA:22,0
DA:23,0
DA:31,0
DA:32,0
DA:33,0
DA:34,0
DA:36,0
DA:37,0
DA:38,0
DA:41,0
DA:42,0
DA:43,0
DA:44,0
DA:46,0
DA:48,0
DA:51,0
DA:61,0
DA:69,0
DA:81,0
DA:83,0
DA:84,0
DA:93,0
DA:94,0
DA:104,0
DA:105,0
DA:156,0
DA:255,0
DA:280,0
DA:303,0
DA:324,0
DA:333,0
DA:350,0
DA:376,0
DA:379,0
DA:381,0
DA:384,0
DA:385,0
DA:387,0
DA:388,0
DA:389,0
DA:390,0
DA:392,0
DA:394,0
DA:396,0
DA:398,0
DA:400,0
DA:401,0
DA:411,0
DA:412,0
DA:422,0
DA:423,0
DA:432,0
DA:435,0
DA:437,0
DA:455,0
DA:457,0
DA:462,0
DA:463,0
DA:471,0
DA:475,0
DA:496,0
DA:511,0
DA:520,0
DA:545,0
DA:571,0
DA:573,0
DA:575,0
DA:577,0
DA:578,0
DA:579,0
DA:580,0
DA:582,0
DA:584,0
DA:585,0
DA:589,0
DA:591,0
DA:593,0
DA:601,0
DA:603,0
DA:607,0
DA:608,0
DA:614,0
DA:618,0
DA:639,0
DA:656,0
DA:682,0
DA:684,0
DA:686,0
DA:688,0
DA:689,0
DA:690,0
DA:691,0
DA:693,0
DA:695,0
DA:697,0
DA:699,0
DA:703,0
DA:720,0
DA:722,0
DA:724,0
DA:733,0
DA:735,0
DA:739,0
DA:740,0
DA:746,0
DA:750,0
DA:771,0
DA:799,0
DA:825,0
DA:851,0
DA:858,0
DA:874,0
DA:895,0
DA:907,0
LF:125
LH:0
BRDA:32,0,0,0
BRDA:32,1,0,0
BRDA:32,1,1,0
BRDA:33,2,0,0
BRDA:33,3,0,0
BRDA:33,3,1,0
BRDA:34,4,0,0
BRDA:34,5,0,0
BRDA:34,5,1,0
BRDA:37,6,0,0
BRDA:51,7,0,0
BRDA:69,8,0,0
BRDA:69,9,0,0
BRDA:69,9,1,0
BRDA:130,10,0,0
BRDA:130,10,1,0
BRDA:131,11,0,0
BRDA:131,11,1,0
BRDA:268,12,0,0
BRDA:268,12,1,0
BRDA:275,13,0,0
BRDA:313,14,0,0
BRDA:313,14,1,0
BRDA:364,15,0,0
BRDA:364,15,1,0
BRDA:371,16,0,0
BRDA:385,17,0,0
BRDA:385,17,1,0
BRDA:387,18,0,0
BRDA:387,18,1,0
BRDA:387,19,0,0
BRDA:387,19,1,0
BRDA:389,20,0,0
BRDA:389,20,1,0
BRDA:389,21,0,0
BRDA:389,21,1,0
BRDA:389,21,2,0
BRDA:394,22,0,0
BRDA:394,22,1,0
BRDA:396,23,0,0
BRDA:396,23,1,0
BRDA:396,24,0,0
BRDA:396,24,1,0
BRDA:400,25,0,0
BRDA:400,25,1,0
BRDA:400,26,0,0
BRDA:400,26,1,0
BRDA:411,27,0,0
BRDA:411,27,1,0
BRDA:411,28,0,0
BRDA:411,28,1,0
BRDA:422,29,0,0
BRDA:422,29,1,0
BRDA:422,30,0,0
BRDA:422,30,1,0
BRDA:436,31,0,0
BRDA:436,31,1,0
BRDA:438,32,0,0
BRDA:438,32,1,0
BRDA:438,33,0,0
BRDA:438,33,1,0
BRDA:439,34,0,0
BRDA:439,34,1,0
BRDA:451,35,0,0
BRDA:455,36,0,0
BRDA:455,36,1,0
BRDA:457,37,0,0
BRDA:457,37,1,0
BRDA:457,38,0,0
BRDA:457,38,1,0
BRDA:464,39,0,0
BRDA:464,39,1,0
BRDA:504,40,0,0
BRDA:504,40,1,0
BRDA:508,41,0,0
BRDA:508,41,1,0
BRDA:513,42,0,0
BRDA:513,42,1,0
BRDA:527,43,0,0
BRDA:527,44,0,0
BRDA:527,44,1,0
BRDA:529,45,0,0
BRDA:529,45,1,0
BRDA:559,46,0,0
BRDA:559,46,1,0
BRDA:559,47,0,0
BRDA:559,47,1,0
BRDA:566,48,0,0
BRDA:578,49,0,0
BRDA:578,49,1,0
BRDA:579,50,0,0
BRDA:579,50,1,0
BRDA:579,51,0,0
BRDA:579,51,1,0
BRDA:579,51,2,0
BRDA:584,52,0,0
BRDA:584,52,1,0
BRDA:585,53,0,0
BRDA:585,53,1,0
BRDA:585,54,0,0
BRDA:585,54,1,0
[...]
BRDA:140,4,0,0
BRDA:152,5,0,0
BRDA:164,6,0,0
BRDA:164,6,1,0
BRDA:165,7,0,0
BRDA:204,8,0,0
BRDA:214,9,0,0
BRDA:214,10,0,0
BRDA:214,10,1,0
BRDA:216,11,0,0
BRDA:216,11,1,0
BRDA:226,12,0,0
BRDA:226,13,0,0
BRDA:226,13,1,0
BRDA:228,14,0,0
BRDA:228,14,1,0
BRDA:238,15,0,0
BRDA:240,16,0,0
BRDA:253,17,0,0
BRDA:253,18,0,0
BRDA:253,18,1,0
BRDA:272,19,0,0
BRDA:272,19,1,0
BRDA:273,20,0,0
BRDA:273,20,1,0
BRDA:275,21,0,0
BRDA:275,21,1,0
BRDA:310,22,0,0
BRDA:312,23,0,0
BRDA:312,23,1,0
BRDA:313,24,0,0
BRDA:313,24,1,0
BRDA:320,25,0,0
BRDA:320,25,1,0
BRDA:321,26,0,0
BRDA:321,26,1,0
BRDA:342,27,0,0
BRDA:342,27,1,0
BRDA:343,28,0,0
BRDA:343,28,1,0
BRDA:349,29,0,0
BRDA:349,29,1,0
BRDA:350,30,0,0
BRDA:350,30,1,0
BRDA:351,31,0,0
BRDA:351,31,1,0
BRDA:353,32,0,0
BRDA:353,32,1,0
BRDA:354,33,0,0
BRDA:354,33,1,0
BRDA:356,34,0,0
BRDA:356,34,1,0
BRDA:359,35,0,0
BRDA:359,35,1,0
BRDA:360,36,0,0
BRDA:360,36,1,0
BRDA:363,37,0,0
BRDA:363,37,1,0
BRDA:364,38,0,0
BRDA:364,38,1,0
BRDA:366,39,0,0
BRDA:366,39,1,0
BRDA:387,40,0,0
BRDA:419,41,0,0
BRDA:419,41,1,0
BRDA:420,42,0,0
BRDA:420,42,1,0
BRDA:421,43,0,0
BRDA:421,43,1,0
BRDA:436,44,0,0
BRDA:436,45,0,0
BRDA:436,45,1,0
BRDA:441,46,0,0
BRDA:441,46,1,0
BRDA:449,47,0,0
BRDA:450,48,0,0
BRF:81
BRH:0
end_of_record
TN:
SF:src/lib/services/market-data-service.ts
FN:42,(anonymous_1)
FN:58,(anonymous_2)
FN:59,(anonymous_3)
FN:60,(anonymous_4)
FN:61,(anonymous_5)
FN:68,(anonymous_6)
FN:85,(anonymous_7)
FN:98,(anonymous_8)
FN:142,(anonymous_9)
FN:148,(anonymous_10)
FN:161,(anonymous_11)
FN:168,(anonymous_12)
FN:169,(anonymous_13)
FN:173,(anonymous_14)
FN:191,(anonymous_15)
FN:206,(anonymous_16)
FN:214,(anonymous_17)
FN:216,(anonymous_18)
FN:234,(anonymous_19)
FN:260,(anonymous_20)
FN:279,(anonymous_21)
FN:294,(anonymous_22)
FNF:22
FNH:0
FNDA:0,(anonymous_1)
FNDA:0,(anonymous_2)
FNDA:0,(anonymous_3)
FNDA:0,(anonymous_4)
FNDA:0,(anonymous_5)
FNDA:0,(anonymous_6)
FNDA:0,(anonymous_7)
FNDA:0,(anonymous_8)
FNDA:0,(anonymous_9)
FNDA:0,(anonymous_10)
FNDA:0,(anonymous_11)
FNDA:0,(anonymous_12)
FNDA:0,(anonymous_13)
FNDA:0,(anonymous_14)
FNDA:0,(anonymous_15)
FNDA:0,(anonymous_16)
FNDA:0,(anonymous_17)
FNDA:0,(anonymous_18)
FNDA:0,(anonymous_19)
FNDA:0,(anonymous_20)
FNDA:0,(anonymous_21)
FNDA:0,(anonymous_22)
DA:6,0
DA:35,0
DA:36,0
DA:37,0
DA:43,0
DA:44,0
DA:46,0
DA:48,0
DA:54,0
DA:55,0
DA:58,0
DA:59,0
DA:60,0
DA:61,0
DA:62,0
DA:65,0
DA:66,0
DA:67,0
DA:68,0
DA:71,0
DA:80,0
DA:82,0
DA:85,0
DA:99,0
DA:100,0
DA:103,0
DA:104,0
DA:131,0
DA:140,0
DA:142,0
DA:148,0
DA:153,0
DA:154,0
DA:162,0
DA:168,0
DA:169,0
DA:170,0
DA:173,0
DA:174,0
DA:177,0
DA:179,0
DA:192,0
DA:193,0
DA:194,0
DA:196,0
DA:203,0
DA:204,0
DA:206,0
DA:207,0
DA:208,0
DA:209,0
DA:210,0
DA:213,0
DA:214,0
DA:215,0
DA:216,0
DA:220,0
DA:223,0
DA:239,0
DA:251,0
DA:252,0
DA:254,0
DA:261,0
DA:273,0
DA:280,0
DA:288,0
DA:295,0
DA:328,0
LF:68
LH:0
BRDA:55,0,0,0
BRDA:55,0,1,0
BRDA:62,1,0,0
BRDA:62,1,1,0
BRDA:67,2,0,0
BRDA:67,2,1,0
BRDA:98,3,0,0
BRDA:99,4,0,0
BRDA:142,5,0,0
BRDA:142,5,1,0
BRDA:209,6,0,0
BRDA:251,7,0,0
BRDA:251,7,1,0
BRDA:273,8,0,0
BRDA:273,8,1,0
BRF:15
BRH:0
end_of_record
TN:
SF:src/lib/services/repository-automation-service.ts
FN:43,(anonymous_3)
FN:54,(anonymous_4)
FN:75,(anonymous_5)
FN:82,(anonymous_6)
FN:83,(anonymous_7)
FN:99,(anonymous_8)
FN:131,(anonymous_9)
FN:235,(anonymous_10)
FN:245,(anonymous_11)
FN:287,(anonymous_12)
FN:302,(anonymous_13)
FN:313,(anonymous_14)
FN:344,(anonymous_15)
FN:383,(anonymous_16)
FN:444,(anonymous_17)
FN:490,(anonymous_18)
FN:509,(anonymous_19)
FN:589,(anonymous_20)
FN:641,(anonymous_21)
FN:670,(anonymous_22)
FN:821,(anonymous_23)
FN:870,(anonymous_24)
FN:912,(anonymous_25)
FN:962,(anonymous_26)
FN:970,(anonymous_27)
FN:977,(anonymous_28)
FN:984,(anonymous_29)
FN:1011,(anonymous_30)
FN:1055,(anonymous_31)
FN:1069,(anonymous_32)
FN:1134,(anonymous_33)
FN:1187,(anonymous_34)
FN:1268,(anonymous_35)
FN:1298,(anonymous_36)
FN:1301,(anonymous_37)
FN:1349,(anonymous_38)
FN:1390,(anonymous_39)
FN:1474,(anonymous_40)
FN:1534,(anonymous_41)
FNF:39
FNH:0
FNDA:0,(anonymous_3)
FNDA:0,(anonymous_4)
FNDA:0,(anonymous_5)
FNDA:0,(anonymous_6)
FNDA:0,(anonymous_7)
FNDA:0,(anonymous_8)
FNDA:0,(anonymous_9)
FNDA:0,(anonymous_10)
FNDA:0,(anonymous_11)
FNDA:0,(anonymous_12)
FNDA:0,(anonymous_13)
FNDA:0,(anonymous_14)
FNDA:0,(anonymous_15)
FNDA:0,(anonymous_16)
FNDA:0,(anonymous_17)
FNDA:0,(anonymous_18)
FNDA:0,(anonymous_19)
FNDA:0,(anonymous_20)
FNDA:0,(anonymous_21)
FNDA:0,(anonymous_22)
FNDA:0,(anonymous_23)
FNDA:0,(anonymous_24)
FNDA:0,(anonymous_25)
FNDA:0,(anonymous_26)
FNDA:0,(anonymous_27)
FNDA:0,(anonymous_28)
FNDA:0,(anonymous_29)
FNDA:0,(anonymous_30)
FNDA:0,(anonymous_31)
FNDA:0,(anonymous_32)
FNDA:0,(anonymous_33)
FNDA:0,(anonymous_34)
FNDA:0,(anonymous_35)
FNDA:0,(anonymous_36)
FNDA:0,(anonymous_37)
FNDA:0,(anonymous_38)
FNDA:0,(anonymous_39)
FNDA:0,(anonymous_40)
FNDA:0,(anonymous_41)
DA:1,0
DA:2,0
DA:3,0
DA:5,0
DA:7,0
DA:8,0
DA:39,0
DA:44,0
DA:48,0
DA:55,0
DA:75,0
DA:82,0
DA:83,0
DA:100,0
DA:107,0
DA:108,0
DA:111,0
DA:112,0
DA:126,0
DA:127,0
DA:128,0
DA:130,0
DA:132,0
DA:134,0
DA:138,0
DA:139,0
DA:140,0
DA:142,0
DA:143,0
DA:153,0
DA:156,0
DA:157,0
DA:158,0
DA:160,0
DA:161,0
DA:171,0
DA:175,0
DA:176,0
DA:177,0
DA:179,0
DA:180,0
DA:192,0
DA:193,0
DA:194,0
DA:198,0
DA:200,0
DA:201,0
DA:216,0
DA:217,0
DA:218,0
DA:233,0
DA:234,0
DA:235,0
DA:239,0
DA:247,0
DA:251,0
DA:252,0
DA:253,0
DA:257,0
DA:258,0
DA:269,0
DA:286,0
DA:287,0
DA:290,0
DA:293,0
DA:296,0
DA:306,0
DA:307,0
DA:313,0
DA:321,0
DA:326,0
DA:335,0
DA:342,0
DA:344,0
DA:350,0
DA:354,0
DA:355,0
DA:357,0
DA:359,0
DA:367,0
DA:369,0
DA:374,0
DA:377,0
DA:389,0
DA:390,0
DA:391,0
DA:401,0
DA:402,0
DA:411,0
DA:412,0
DA:421,0
DA:422,0
DA:431,0
DA:432,0
DA:450,0
DA:463,0
DA:476,0
DA:484,0
DA:496,0
DA:497,0
DA:509,0
DA:512,0
DA:546,0
DA:555,0
DA:577,0
DA:594,0
DA:595,0
DA:604,0
DA:614,0
DA:615,0
DA:628,0
DA:642,0
DA:643,0
DA:644,0
DA:646,0
DA:670,0
DA:822,0
DA:867,0
DA:872,0
DA:873,0
DA:874,0
DA:875,0
DA:878,0
DA:879,0
DA:881,0
DA:882,0
DA:884,0
DA:885,0
DA:887,0
DA:888,0
DA:890,0
DA:891,0
DA:893,0
DA:894,0
DA:896,0
DA:897,0
DA:899,0
DA:900,0
DA:902,0
DA:903,0
DA:905,0
DA:906,0
DA:909,0
DA:913,0
DA:959,0
DA:963,0
DA:967,0
DA:971,0
DA:978,0
DA:979,0
DA:980,0
DA:981,0
DA:985,0
DA:1005,0
DA:1012,0
DA:1013,0
DA:1049,0
DA:1056,0
DA:1069,0
DA:1135,0
DA:1188,0
DA:1262,0
DA:1269,0
DA:1298,0
DA:1301,0
DA:1350,0
DA:1375,0
DA:1390,0
DA:1475,0
DA:1528,0
DA:1535,0
DA:1612,0
DA:1617,0
LF:173
LH:0
BRDA:46,0,0,0
BRDA:46,0,1,0
BRDA:99,1,0,0
BRDA:111,2,0,0
BRDA:138,3,0,0
BRDA:142,4,0,0
BRDA:156,5,0,0
BRDA:160,6,0,0
BRDA:179,7,0,0
BRDA:193,8,0,0
BRDA:193,8,1,0
BRDA:200,9,0,0
BRDA:216,10,0,0
BRDA:233,11,0,0
BRDA:251,12,0,0
BRDA:274,13,0,0
BRDA:274,13,1,0
BRDA:342,14,0,0
BRDA:342,14,1,0
BRDA:346,15,0,0
BRDA:346,15,1,0
BRDA:357,16,0,0
BRDA:390,17,0,0
BRDA:594,18,0,0
BRDA:594,19,0,0
BRDA:594,19,1,0
BRDA:614,20,0,0
BRDA:678,21,0,0
BRDA:678,21,1,0
BRDA:679,22,0,0
BRDA:679,22,1,0
BRDA:695,23,0,0
BRDA:695,23,1,0
BRDA:703,24,0,0
BRDA:703,24,1,0
BRDA:709,25,0,0
BRDA:709,25,1,0
BRDA:757,26,0,0
BRDA:757,26,1,0
BRDA:765,27,0,0
BRDA:765,27,1,0
BRDA:771,28,0,0
BRDA:771,28,1,0
BRDA:779,29,0,0
BRDA:779,29,1,0
BRDA:780,30,0,0
BRDA:780,30,1,0
BRDA:781,31,0,0
BRDA:781,31,1,0
BRDA:782,32,0,0
BRDA:782,32,1,0
BRDA:867,33,0,0
BRDA:867,33,1,0
BRDA:873,34,0,0
BRDA:873,34,1,0
BRDA:874,35,0,0
BRDA:874,35,1,0
BRDA:878,36,0,0
BRDA:878,37,0,0
BRDA:878,37,1,0
BRDA:878,37,2,0
BRDA:881,38,0,0
BRDA:881,39,0,0
BRDA:881,39,1,0
BRDA:881,39,2,0
BRDA:884,40,0,0
BRDA:884,41,0,0
BRDA:884,41,1,0
BRDA:884,41,2,0
BRDA:887,42,0,0
BRDA:887,43,0,0
BRDA:887,43,1,0
BRDA:887,43,2,0
BRDA:890,44,0,0
BRDA:890,45,0,0
BRDA:890,45,1,0
BRDA:890,45,2,0
BRDA:893,46,0,0
BRDA:893,47,0,0
BRDA:893,47,1,0
BRDA:893,47,2,0
BRDA:896,48,0,0
BRDA:896,49,0,0
BRDA:896,49,1,0
BRDA:896,49,2,0
BRDA:899,50,0,0
BRDA:899,51,0,0
BRDA:899,51,1,0
BRDA:899,51,2,0
BRDA:902,52,0,0
BRDA:902,53,0,0
BRDA:902,53,1,0
BRDA:902,53,2,0
BRDA:905,54,0,0
BRDA:905,55,0,0
BRDA:905,55,1,0
BRDA:905,55,2,0
BRDA:959,56,0,0
BRDA:959,56,1,0
BRDA:978,57,0,0
BRDA:979,58,0,0
BRDA:980,59,0,0
BRDA:1005,60,0,0
BRDA:1005,60,1,0
BRDA:1012,61,0,0
BRDA:1012,62,0,0
BRDA:1012,62,1,0
BRDA:1262,63,0,0
BRDA:1262,63,1,0
BRDA:1281,64,0,0
BRDA:1281,64,1,0
BRDA:1282,65,0,0
BRDA:1282,65,1,0
BRDA:1283,66,0,0
BRDA:1283,66,1,0
BRDA:1284,67,0,0
BRDA:1284,67,1,0
BRDA:1287,68,0,0
BRDA:1287,68,1,0
BRDA:1292,69,0,0
BRDA:1292,69,1,0
BRDA:1295,70,0,0
BRDA:1295,70,1,0
BRDA:1311,71,0,0
BRDA:1311,71,1,0
BRDA:1315,72,0,0
BRDA:1315,72,1,0
BRDA:1320,73,0,0
BRDA:1320,73,1,0
BRDA:1387,74,0,0
BRDA:1387,74,1,0
BRDA:1393,75,0,0
BRDA:1393,75,1,0
BRDA:1400,76,0,0
BRDA:1400,76,1,0
BRDA:1407,77,0,0
BRDA:1407,77,1,0
BRDA:1412,78,0,0
BRDA:1412,78,1,0
BRDA:1436,79,0,0
BRDA:1436,79,1,0
BRDA:1440,80,0,0
BRDA:1440,80,1,0
BRDA:1444,81,0,0
BRDA:1444,81,1,0
BRDA:1448,82,0,0
BRDA:1448,82,1,0
BRDA:1456,83,0,0
BRDA:1456,83,1,0
BRDA:1457,84,0,0
BRDA:1457,84,1,0
BRDA:1458,85,0,0
BRDA:1458,85,1,0
BRDA:1528,86,0,0
BRDA:1528,86,1,0
BRDA:1612,87,0,0
BRDA:1612,87,1,0
BRF:157
BRH:0
end_of_record
TN:
SF:src/lib/services/repository-service.ts
FN:51,(anonymous_1)
FN:60,(anonymous_2)
FN:113,(anonymous_3)
FN:167,(anonymous_4)
FN:191,(anonymous_5)
FN:197,(anonymous_6)
FN:242,(anonymous_7)
FN:257,(anonymous_8)
FN:289,(anonymous_9)
FN:293,(anonymous_10)
FN:308,(anonymous_11)
FN:396,(anonymous_12)
FN:443,(anonymous_13)
FN:458,(anonymous_14)
FN:463,(anonymous_15)
FN:467,(anonymous_16)
FN:471,(anonymous_17)
FN:479,(anonymous_18)
FN:491,(anonymous_19)
FN:499,(anonymous_20)
FN:515,(anonymous_21)
FN:520,(anonymous_22)
FNF:22
FNH:0
FNDA:0,(anonymous_1)
FNDA:0,(anonymous_2)
FNDA:0,(anonymous_3)
FNDA:0,(anonymous_4)
FNDA:0,(anonymous_5)
FNDA:0,(anonymous_6)
FNDA:0,(anonymous_7)
FNDA:0,(anonymous_8)
FNDA:0,(anonymous_9)
FNDA:0,(anonymous_10)
FNDA:0,(anonymous_11)
FNDA:0,(anonymous_12)
FNDA:0,(anonymous_13)
FNDA:0,(anonymous_14)
FNDA:0,(anonymous_15)
FNDA:0,(anonymous_16)
FNDA:0,(anonymous_17)
FNDA:0,(anonymous_18)
FNDA:0,(anonymous_19)
FNDA:0,(anonymous_20)
FNDA:0,(anonymous_21)
FNDA:0,(anonymous_22)
DA:1,0
DA:2,0
DA:3,0
DA:17,0
DA:24,0
DA:39,0
DA:47,0
DA:52,0
DA:56,0
DA:61,0
DA:63,0
DA:66,0
DA:77,0
DA:80,0
DA:100,0
DA:101,0
DA:105,0
DA:107,0
DA:109,0
DA:114,0
DA:116,0
DA:117,0
DA:118,0
DA:121,0
DA:124,0
DA:127,0
DA:131,0
DA:132,0
DA:136,0
DA:139,0
DA:159,0
DA:161,0
DA:163,0
DA:168,0
DA:192,0
DA:204,0
DA:206,0
DA:207,0
DA:208,0
DA:210,0
DA:238,0
DA:243,0
DA:244,0
DA:245,0
DA:247,0
DA:258,0
DA:259,0
DA:260,0
DA:261,0
DA:264,0
DA:265,0
DA:270,0
DA:283,0
DA:285,0
DA:290,0
DA:291,0
DA:293,0
DA:294,0
DA:298,0
DA:299,0
DA:301,0
DA:304,0
DA:309,0
DA:310,0
DA:311,0
DA:313,0
DA:314,0
DA:315,0
DA:316,0
DA:320,0
DA:326,0
DA:327,0
DA:333,0
DA:334,0
DA:341,0
DA:344,0
DA:348,0
DA:349,0
DA:350,0
DA:351,0
DA:353,0
DA:359,0
DA:360,0
DA:361,0
DA:362,0
DA:364,0
DA:369,0
DA:377,0
DA:386,0
DA:391,0
DA:397,0
DA:398,0
DA:399,0
DA:402,0
DA:404,0
DA:409,0
DA:420,0
DA:436,0
DA:438,0
DA:444,0
DA:445,0
DA:446,0
DA:448,0
DA:459,0
DA:460,0
DA:464,0
DA:468,0
DA:472,0
DA:473,0
DA:475,0
DA:478,0
DA:479,0
DA:481,0
DA:482,0
DA:483,0
DA:488,0
DA:492,0
DA:502,0
DA:505,0
DA:506,0
DA:517,0
DA:522,0
LF:122
LH:0
BRDA:18,0,0,0
BRDA:18,0,1,0
BRDA:19,1,0,0
BRDA:19,1,1,0
BRDA:20,2,0,0
BRDA:20,2,1,0
BRDA:60,3,0,0
BRDA:100,4,0,0
BRDA:117,5,0,0
BRDA:131,6,0,0
BRDA:197,7,0,0
BRDA:206,8,0,0
BRDA:207,9,0,0
BRDA:208,10,0,0
BRDA:232,11,0,0
BRDA:232,11,1,0
BRDA:233,12,0,0
BRDA:233,12,1,0
BRDA:251,13,0,0
BRDA:251,13,1,0
BRDA:260,14,0,0
BRDA:265,15,0,0
BRDA:265,15,1,0
BRDA:294,16,0,0
BRDA:294,16,1,0
BRDA:298,17,0,0
BRDA:308,18,0,0
BRDA:315,19,0,0
BRDA:333,20,0,0
BRDA:348,21,0,0
BRDA:359,22,0,0
BRDA:398,23,0,0
BRDA:398,24,0,0
BRDA:398,24,1,0
BRDA:398,24,2,0
BRDA:452,25,0,0
BRDA:452,25,1,0
BRDA:468,26,0,0
BRDA:468,26,1,0
BRDA:475,27,0,0
BRDA:479,28,0,0
BRDA:479,28,1,0
BRDA:482,29,0,0
BRDA:482,30,0,0
BRDA:482,30,1,0
BRF:45
BRH:0
end_of_record
TN:
SF:src/lib/templates/ai-agents-emerging-templates.ts
FNF:0
FNH:0
DA:5,0
LF:1
LH:0
BRF:0
BRH:0
end_of_record
TN:
SF:src/lib/templates/autonomous-project.ts
FN:339,processTemplate
FN:343,(anonymous_5)
FN:349,getDeployButtons
FNF:3
FNH:0
FNDA:0,processTemplate
FNDA:0,(anonymous_5)
FNDA:0,getDeployButtons
DA:1,0
DA:339,0
DA:343,0
DA:344,0
DA:349,0
DA:350,0
DA:352,0
DA:372,0
LF:8
LH:0
BRDA:344,0,0,0
BRDA:344,0,1,0
BRDA:372,1,0,0
BRDA:372,1,1,0
BRF:4
BRH:0
end_of_record
TN:
SF:src/lib/templates/blockchain-emerging-templates.ts
FNF:0
FNH:0
DA:5,0
LF:1
LH:0
BRF:0
BRH:0
end_of_record
TN:
SF:src/lib/templates/category-templates.ts
FNF:0
FNH:0
DA:1,0
LF:1
LH:0
BRF:0
BRH:0
end_of_record
TN:
SF:src/lib/templates/corevecta-all-platform-templates.ts
FN:3367,getEnhancedPlatformTemplate
FNF:1
FNH:0
FNDA:0,getEnhancedPlatformTemplate
DA:11,0
DA:161,0
DA:1196,0
DA:2326,0
DA:3367,0
DA:3368,0
DA:3376,0
LF:7
LH:0
BRDA:3376,0,0,0
BRDA:3376,0,1,0
BRF:2
BRH:0
end_of_record
TN:
SF:src/lib/templates/corevecta-master-templates.ts
FN:1056,getMasterTemplate
FN:1088,getBaseTemplate
FNF:2
FNH:0
FNDA:0,getMasterTemplate
FNDA:0,getBaseTemplate
DA:24,0
DA:1056,0
DA:1060,0
DA:1063,0
DA:1064,0
DA:1068,0
DA:1069,0
DA:1073,0
DA:1074,0
DA:1078,0
DA:1079,0
DA:1083,0
DA:1085,0
DA:1090,0
DA:1095,0
LF:15
LH:0
BRDA:1063,0,0,0
BRDA:1068,1,0,0
BRDA:1073,2,0,0
BRDA:1073,3,0,0
BRDA:1073,3,1,0
BRDA:1078,4,0,0
BRDA:1078,5,0,0
BRDA:1078,5,1,0
BRDA:1095,6,0,0
BRDA:1095,6,1,0
BRF:10
BRH:0
end_of_record
TN:
SF:src/lib/templates/enhanced-template-files-final.ts
FN:695,getEnhancedTemplateFiles
FN:708,processTemplatePlaceholders
FN:709,(anonymous_8)
FN:728,generateEnhancedTemplateFiles
FNF:4
FNH:0
FNDA:0,getEnhancedTemplateFiles
FNDA:0,processTemplatePlaceholders
FNDA:0,(anonymous_8)
FNDA:0,generateEnhancedTemplateFiles
DA:6,0
DA:675,0
DA:695,0
DA:697,0
DA:698,0
DA:699,0
DA:702,0
DA:708,0
DA:709,0
DA:710,0
DA:712,0
DA:714,0
DA:716,0
DA:718,0
DA:720,0
DA:728,0
DA:729,0
DA:730,0
DA:732,0
DA:733,0
DA:735,0
DA:737,0
DA:738,0
DA:739,0
DA:740,0
DA:744,0
LF:26
LH:0
BRDA:698,0,0,0
BRDA:699,1,0,0
BRDA:699,1,1,0
BRDA:702,2,0,0
BRDA:702,2,1,0
BRDA:710,3,0,0
BRDA:710,3,1,0
BRDA:710,3,2,0
BRDA:710,3,3,0
BRDA:710,3,4,0
BRDA:712,4,0,0
BRDA:712,4,1,0
BRDA:714,5,0,0
BRDA:714,5,1,0
BRDA:714,5,2,0
BRDA:716,6,0,0
BRDA:716,6,1,0
BRDA:718,7,0,0
BRDA:718,7,1,0
BRDA:718,7,2,0
BRDA:720,8,0,0
BRDA:720,8,1,0
BRDA:735,9,0,0
BRDA:735,9,1,0
BRDA:735,10,0,0
BRDA:735,10,1,0
BRDA:739,11,0,0
BRF:27
BRH:0
end_of_record
TN:
SF:src/lib/templates/enhanced-template-generation.ts
FN:880,getEnhancedTemplateFiles
FN:964,processTemplatePlaceholders
FN:965,(anonymous_6)
FN:1002,generateTemplateFiles
FNF:4
FNH:0
FNDA:0,getEnhancedTemplateFiles
FNDA:0,processTemplatePlaceholders
FNDA:0,(anonymous_6)
FNDA:0,generateTemplateFiles
DA:6,0
DA:774,0
DA:880,0
DA:882,0
DA:883,0
DA:887,0
DA:888,0
DA:892,0
DA:893,0
DA:958,0
DA:964,0
DA:965,0
DA:966,0
DA:968,0
DA:970,0
DA:972,0
DA:974,0
DA:976,0
DA:978,0
DA:980,0
DA:982,0
DA:984,0
DA:986,0
DA:988,0
DA:990,0
DA:992,0
DA:994,0
DA:1002,0
DA:1003,0
DA:1004,0
DA:1006,0
DA:1007,0
DA:1009,0
DA:1010,0
DA:1011,0
DA:1013,0
DA:1014,0
DA:1016,0
DA:1020,0
LF:39
LH:0
BRDA:882,0,0,0
BRDA:887,1,0,0
BRDA:887,2,0,0
BRDA:887,2,1,0
BRDA:892,3,0,0
BRDA:892,4,0,0
BRDA:892,4,1,0
BRDA:966,5,0,0
BRDA:966,5,1,0
BRDA:966,5,2,0
BRDA:966,5,3,0
BRDA:966,5,4,0
BRDA:966,5,5,0
BRDA:966,5,6,0
BRDA:966,5,7,0
BRDA:966,5,8,0
BRDA:966,5,9,0
BRDA:966,5,10,0
BRDA:966,5,11,0
BRDA:966,5,12,0
BRDA:966,5,13,0
BRDA:968,6,0,0
BRDA:968,6,1,0
BRDA:970,7,0,0
BRDA:970,7,1,0
BRDA:970,7,2,0
BRDA:972,8,0,0
BRDA:972,8,1,0
BRDA:974,9,0,0
BRDA:974,9,1,0
BRDA:976,10,0,0
BRDA:976,10,1,0
BRDA:978,11,0,0
BRDA:978,11,1,0
BRDA:980,12,0,0
BRDA:980,12,1,0
BRDA:982,13,0,0
BRDA:982,13,1,0
BRDA:984,14,0,0
BRDA:984,14,1,0
BRDA:986,15,0,0
BRDA:986,15,1,0
BRDA:988,16,0,0
BRDA:988,16,1,0
BRDA:990,17,0,0
BRDA:990,17,1,0
BRDA:992,18,0,0
BRDA:992,18,1,0
BRDA:994,19,0,0
BRDA:994,19,1,0
BRDA:1009,20,0,0
BRDA:1009,20,1,0
BRDA:1011,21,0,0
BRDA:1011,21,1,0
BRDA:1011,22,0,0
BRDA:1011,22,1,0
BRDA:1011,22,2,0
BRF:57
BRH:0
end_of_record
TN:
SF:src/lib/templates/expanded-platform-templates.ts
FNF:0
FNH:0
DA:5,0
LF:1
LH:0
BRF:0
BRH:0
end_of_record
TN:
SF:src/lib/templates/mobile-blockchain-templates.ts
FNF:0
FNH:0
DA:5,0
LF:1
LH:0
BRF:0
BRH:0
end_of_record
TN:
SF:src/lib/templates/platform-readme-generator.ts
FN:5,generatePlatformReadme
FN:1341,(anonymous_4)
FN:1368,generateGenericReadme
FNF:3
FNH:0
FNDA:0,generatePlatformReadme
FNDA:0,(anonymous_4)
FNDA:0,generateGenericReadme
DA:5,0
DA:6,0
DA:1338,0
DA:1341,0
DA:1342,0
DA:1344,0
DA:1346,0
DA:1348,0
DA:1350,0
DA:1352,0
DA:1354,0
DA:1356,0
DA:1358,0
DA:1360,0
DA:1362,0
DA:1368,0
DA:1369,0
LF:17
LH:0
BRDA:1338,0,0,0
BRDA:1338,0,1,0
BRDA:1342,1,0,0
BRDA:1342,1,1,0
BRDA:1342,1,2,0
BRDA:1342,1,3,0
BRDA:1342,1,4,0
BRDA:1342,1,5,0
BRDA:1342,1,6,0
BRDA:1342,1,7,0
BRDA:1342,1,8,0
BRDA:1342,1,9,0
BRDA:1344,2,0,0
BRDA:1344,2,1,0
BRDA:1346,3,0,0
BRDA:1346,3,1,0
BRDA:1346,3,2,0
BRDA:1348,4,0,0
BRDA:1348,4,1,0
BRDA:1348,4,2,0
BRDA:1350,5,0,0
BRDA:1350,5,1,0
BRDA:1354,6,0,0
BRDA:1354,6,1,0
BRDA:1356,7,0,0
BRDA:1356,7,1,0
BRDA:1358,8,0,0
BRDA:1358,8,1,0
BRDA:1360,9,0,0
BRDA:1360,9,1,0
BRDA:1371,10,0,0
BRDA:1371,10,1,0
BRDA:1375,11,0,0
BRDA:1375,11,1,0
BRDA:1379,12,0,0
BRDA:1379,12,1,0
BRDA:1385,13,0,0
BRDA:1385,13,1,0
BRDA:1386,14,0,0
BRDA:1386,14,1,0
BRF:40
BRH:0
end_of_record
TN:
SF:src/lib/templates/platform-templates.ts
FN:1200,getPlatformTemplateFiles
FNF:1
FNH:0
FNDA:0,getPlatformTemplateFiles
DA:5,0
DA:1200,0
DA:1201,0
DA:1202,0
DA:1203,0
DA:1206,0
DA:1208,0
DA:1209,0
DA:1212,0
DA:1213,0
DA:1216,0
DA:1219,0
LF:12
LH:0
BRDA:1202,0,0,0
BRF:1
BRH:0
end_of_record
TN:
SF:src/lib/templates/repository-templates.ts
FN:45,(anonymous_7)
FN:123,(anonymous_8)
FN:322,(anonymous_9)
FN:448,(anonymous_10)
FN:494,(anonymous_11)
FN:552,(anonymous_12)
FN:707,(anonymous_13)
FN:723,(anonymous_14)
FN:800,(anonymous_15)
FN:840,(anonymous_16)
FN:887,getTemplate
FN:892,getTemplatesByCategory
FN:894,(anonymous_19)
FN:899,generateRepositoryFiles
FN:925,getAllTemplates
FN:930,searchTemplates
FN:932,(anonymous_23)
FN:935,(anonymous_24)
FN:936,(anonymous_25)
FNF:19
FNH:0
FNDA:0,(anonymous_7)
FNDA:0,(anonymous_8)
FNDA:0,(anonymous_9)
FNDA:0,(anonymous_10)
FNDA:0,(anonymous_11)
FNDA:0,(anonymous_12)
FNDA:0,(anonymous_13)
FNDA:0,(anonymous_14)
FNDA:0,(anonymous_15)
FNDA:0,(anonymous_16)
FNDA:0,getTemplate
FNDA:0,getTemplatesByCategory
FNDA:0,(anonymous_19)
FNDA:0,generateRepositoryFiles
FNDA:0,getAllTemplates
FNDA:0,searchTemplates
FNDA:0,(anonymous_23)
FNDA:0,(anonymous_24)
FNDA:0,(anonymous_25)
DA:24,0
DA:45,0
DA:123,0
DA:322,0
DA:448,0
DA:494,0
DA:552,0
DA:707,0
DA:723,0
DA:800,0
DA:840,0
DA:887,0
DA:888,0
DA:892,0
DA:893,0
DA:894,0
DA:899,0
DA:904,0
DA:906,0
DA:907,0
DA:908,0
DA:910,0
DA:915,0
DA:916,0
DA:917,0
DA:921,0
DA:925,0
DA:926,0
DA:930,0
DA:931,0
DA:932,0
DA:933,0
DA:935,0
DA:936,0
LF:34
LH:0
BRDA:888,0,0,0
BRDA:888,0,1,0
BRDA:907,1,0,0
BRDA:907,1,1,0
BRDA:915,2,0,0
BRDA:933,3,0,0
BRDA:933,3,1,0
BRDA:933,3,2,0
BRDA:933,3,3,0
BRF:9
BRH:0
end_of_record
TN:
SF:src/lib/templates/template-files.ts
FN:823,processFileContent
FN:832,(anonymous_5)
FN:843,getTemplateFiles
FN:852,(anonymous_7)
FNF:4
FNH:0
FNDA:0,processFileContent
FNDA:0,(anonymous_5)
FNDA:0,getTemplateFiles
FNDA:0,(anonymous_7)
DA:5,0
DA:6,0
DA:7,0
DA:8,0
DA:10,0
DA:823,0
DA:827,0
DA:832,0
DA:833,0
DA:834,0
DA:837,0
DA:843,0
DA:847,0
DA:848,0
DA:850,0
DA:852,0
DA:853,0
DA:859,0
LF:18
LH:0
BRDA:827,0,0,0
BRDA:827,0,1,0
BRDA:848,1,0,0
BRF:3
BRH:0
end_of_record
TN:
SF:src/lib/templates/cross-browser/cross-browser-templates.ts
FNF:0
FNH:0
DA:16,0
DA:131,0
DA:252,0
DA:489,0
DA:666,0
DA:743,0
DA:816,0
DA:943,0
LF:8
LH:0
BRF:0
BRH:0
end_of_record
TN:
SF:src/lib/templates/security/security-templates.ts
FNF:0
FNH:0
DA:20,0
DA:27,0
DA:240,0
DA:449,0
DA:657,0
DA:906,0
LF:6
LH:0
BRF:0
BRH:0
end_of_record
TN:
SF:src/lib/templates/testing/jest-config-template.ts
FNF:0
FNH:0
DA:6,0
DA:50,0
DA:233,0
DA:361,0
DA:461,0
DA:641,0
LF:6
LH:0
BRF:0
BRH:0
end_of_record
TN:
SF:src/lib/templates/testing/testing-templates.ts
FNF:0
FNH:0
DA:13,0
DA:26,0
LF:2
LH:0
BRF:0
BRH:0
end_of_record
